Using pre-set license
Built from '2021.2/staging' branch; Version is '2021.2.8f1 (d0e5f0a7b06a) revision 13690352'; Using compiler version '192829333'; Build Type 'Release'
OS: 'Windows 10  (10.0.19043) 64bit Professional' Language: 'en' Physical Memory: 16274 MB
BatchMode: 1, IsHumanControllingUs: 0, StartBugReporterOnCrash: 0, Is64bit: 1, IsPro: 0

COMMAND LINE ARGUMENTS:
D:\Development\ProgramFiles\Unity\2021.2.8f1\Editor\Unity.exe
-adb2
-batchMode
-noUpm
-name
AssetImportWorker0
-projectPath
D:/source/GameJam/GameJam22
-logFile
Logs/AssetImportWorker0.log
-srvPort
50112
Successfully changed project path to: D:/source/GameJam/GameJam22
D:/source/GameJam/GameJam22
[UnityMemory] Configuration Parameters - Can be set up in boot.config
    "memorysetup-bucket-allocator-granularity=16"
    "memorysetup-bucket-allocator-bucket-count=8"
    "memorysetup-bucket-allocator-block-size=33554432"
    "memorysetup-bucket-allocator-block-count=8"
    "memorysetup-main-allocator-block-size=16777216"
    "memorysetup-thread-allocator-block-size=16777216"
    "memorysetup-gfx-main-allocator-block-size=16777216"
    "memorysetup-gfx-thread-allocator-block-size=16777216"
    "memorysetup-cache-allocator-block-size=4194304"
    "memorysetup-typetree-allocator-block-size=2097152"
    "memorysetup-profiler-bucket-allocator-granularity=16"
    "memorysetup-profiler-bucket-allocator-bucket-count=8"
    "memorysetup-profiler-bucket-allocator-block-size=33554432"
    "memorysetup-profiler-bucket-allocator-block-count=8"
    "memorysetup-profiler-allocator-block-size=16777216"
    "memorysetup-profiler-editor-allocator-block-size=1048576"
    "memorysetup-temp-allocator-size-main=16777216"
    "memorysetup-job-temp-allocator-block-size=2097152"
    "memorysetup-job-temp-allocator-block-size-background=1048576"
    "memorysetup-job-temp-allocator-reduction-small-platforms=262144"
    "memorysetup-temp-allocator-size-background-worker=32768"
    "memorysetup-temp-allocator-size-job-worker=262144"
    "memorysetup-temp-allocator-size-preload-manager=33554432"
    "memorysetup-temp-allocator-size-nav-mesh-worker=65536"
    "memorysetup-temp-allocator-size-audio-worker=65536"
    "memorysetup-temp-allocator-size-cloud-worker=32768"
    "memorysetup-temp-allocator-size-gi-baking-worker=262144"
    "memorysetup-temp-allocator-size-gfx=262144"
Refreshing native plugins compatible for Editor in 61.05 ms, found 2 plugins.
Preloading 0 native plugins for Editor in 0.00 ms.
Initialize engine version: 2021.2.8f1 (d0e5f0a7b06a)
[Subsystems] Discovering subsystems at path D:/Development/ProgramFiles/Unity/2021.2.8f1/Editor/Data/Resources/UnitySubsystems
[Subsystems] Discovering subsystems at path D:/source/GameJam/GameJam22/Assets
GfxDevice: creating device client; threaded=0; jobified=0
Direct3D:
    Version:  Direct3D 11.0 [level 11.1]
    Renderer: NVIDIA GeForce GTX 1080 Ti (ID=0x1b06)
    Vendor:   NVIDIA
    VRAM:     11127 MB
    Driver:   30.0.14.9649
Initialize mono
Mono path[0] = 'D:/Development/ProgramFiles/Unity/2021.2.8f1/Editor/Data/Managed'
Mono path[1] = 'D:/Development/ProgramFiles/Unity/2021.2.8f1/Editor/Data/MonoBleedingEdge/lib/mono/unityjit-win32'
Mono config path = 'D:/Development/ProgramFiles/Unity/2021.2.8f1/Editor/Data/MonoBleedingEdge/etc'
Using monoOptions --debugger-agent=transport=dt_socket,embedding=1,server=y,suspend=n,address=127.0.0.1:56760
Begin MonoManager ReloadAssembly
Registering precompiled unity dll's ...
Register platform support module: D:/Development/ProgramFiles/Unity/2021.2.8f1/Editor/Data/PlaybackEngines/WebGLSupport/UnityEditor.WebGL.Extensions.dll
Register platform support module: D:/Development/ProgramFiles/Unity/2021.2.8f1/Editor/Data/PlaybackEngines/MacStandaloneSupport/UnityEditor.OSXStandalone.Extensions.dll
Register platform support module: D:/Development/ProgramFiles/Unity/2021.2.8f1/Editor/Data/PlaybackEngines/WindowsStandaloneSupport/UnityEditor.WindowsStandalone.Extensions.dll
Registered in 0.011121 seconds.
Native extension for WindowsStandalone target not found
Native extension for OSXStandalone target not found
Native extension for WebGL target not found
Refreshing native plugins compatible for Editor in 55.42 ms, found 2 plugins.
Preloading 0 native plugins for Editor in 0.00 ms.
Mono: successfully reloaded assembly
- Completed reload, in  0.813 seconds
Domain Reload Profiling:
	ReloadAssembly (814ms)
		BeginReloadAssembly (142ms)
			ExecutionOrderSort (0ms)
			DisableScriptedObjects (0ms)
			BackupInstance (0ms)
			ReleaseScriptingObjects (0ms)
			CreateAndSetChildDomain (1ms)
		EndReloadAssembly (581ms)
			LoadAssemblies (143ms)
			RebuildTransferFunctionScriptingTraits (0ms)
			SetupTypeCache (154ms)
			ReleaseScriptCaches (0ms)
			RebuildScriptCaches (33ms)
			SetupLoadedEditorAssemblies (334ms)
				LogAssemblyErrors (0ms)
				InitializePlatformSupportModulesInManaged (22ms)
				SetLoadedEditorAssemblies (0ms)
				RefreshPlugins (56ms)
				BeforeProcessingInitializeOnLoad (1ms)
				ProcessInitializeOnLoadAttributes (168ms)
				ProcessInitializeOnLoadMethodAttributes (87ms)
				AfterProcessingInitializeOnLoad (0ms)
				EditorAssembliesLoaded (0ms)
			ExecutionOrderSort2 (0ms)
			AwakeInstancesAfterBackupRestoration (0ms)
Platform modules already initialized, skipping
Registering precompiled user dll's ...
Registered in 0.009826 seconds.
Begin MonoManager ReloadAssembly
Native extension for WindowsStandalone target not found
Native extension for OSXStandalone target not found
Native extension for WebGL target not found
Refreshing native plugins compatible for Editor in 54.53 ms, found 2 plugins.
Preloading 0 native plugins for Editor in 0.00 ms.
Mono: successfully reloaded assembly
- Completed reload, in  1.962 seconds
Domain Reload Profiling:
	ReloadAssembly (1962ms)
		BeginReloadAssembly (169ms)
			ExecutionOrderSort (0ms)
			DisableScriptedObjects (7ms)
			BackupInstance (0ms)
			ReleaseScriptingObjects (0ms)
			CreateAndSetChildDomain (23ms)
		EndReloadAssembly (1678ms)
			LoadAssemblies (164ms)
			RebuildTransferFunctionScriptingTraits (0ms)
			SetupTypeCache (262ms)
			ReleaseScriptCaches (1ms)
			RebuildScriptCaches (60ms)
			SetupLoadedEditorAssemblies (1189ms)
				LogAssemblyErrors (0ms)
				InitializePlatformSupportModulesInManaged (16ms)
				SetLoadedEditorAssemblies (0ms)
				RefreshPlugins (55ms)
				BeforeProcessingInitializeOnLoad (83ms)
				ProcessInitializeOnLoadAttributes (923ms)
				ProcessInitializeOnLoadMethodAttributes (107ms)
				AfterProcessingInitializeOnLoad (6ms)
				EditorAssembliesLoaded (0ms)
			ExecutionOrderSort2 (0ms)
			AwakeInstancesAfterBackupRestoration (7ms)
Platform modules already initialized, skipping
========================================================================
Worker process is ready to serve import requests
Launched and connected shader compiler UnityShaderCompiler.exe after 0.15 seconds
Refreshing native plugins compatible for Editor in 1.15 ms, found 2 plugins.
Preloading 0 native plugins for Editor in 0.00 ms.
Unloading 3423 Unused Serialized files (Serialized files now loaded: 0)
Unloading 41 unused Assets / (2.0 MB). Loaded Objects now: 3866.
Memory consumption went from 160.7 MB to 158.7 MB.
Total: 4.387600 ms (FindLiveObjects: 0.345600 ms CreateObjectMapping: 0.186900 ms MarkObjects: 3.292200 ms  DeleteObjects: 0.561000 ms)

AssetImportParameters requested are different than current active one (requested -> active):
  custom:video-decoder-ogg-theora: a1e56fd34408186e4bbccfd4996cb3dc -> 
  custom:container-muxer-webm: aa71ff27fc2769a1b78a27578f13a17b -> 
  custom:container-demuxer-webm: 4f35f7cbe854078d1ac9338744f61a02 -> 
  custom:video-encoder-webm-vp8: eb34c28f22e8b96e1ab97ce403110664 -> 
  custom:audio-encoder-webm-vorbis: bf7c407c2cedff20999df2af8eb42d56 -> 
  custom:framework-win-MediaFoundation: 216162199b28c13a410421893ffa2e32 -> 
  custom:container-demuxer-ogg: 62fdf1f143b41e24485cea50d1cbac27 -> 
  custom:video-decoder-webm-vp8: 9c59270c3fd7afecdb556c50c9e8de78 -> 
  custom:audio-decoder-ogg-vorbis: bf7c407c2cedff20999df2af8eb42d56 -> 
========================================================================
Received Import Request.
  Time since last request: 882003.222717 seconds.
  path: Assets/Objects/Monitor/OldMonitor_DriveLightFilter_Normal_Raw.png
  artifactKey: Guid(a1dfb9a6fc64842af87ccf902f93bc3e) Importer(815301076,1909f56bfc062723c751e8b465ee728b)
Start importing Assets/Objects/Monitor/OldMonitor_DriveLightFilter_Normal_Raw.png using Guid(a1dfb9a6fc64842af87ccf902f93bc3e) Importer(815301076,1909f56bfc062723c751e8b465ee728b)  -> (artifact id: 'e6cb1d62472b9dd26ca83aa01ef9a74d') in 0.186871 seconds 
========================================================================
Received Import Request.
  Time since last request: 96.301509 seconds.
  path: Assets/Objects/Monitor/OldMonitor.fbx
  artifactKey: Guid(17e12cabf5033436f81f4a72248922b4) Importer(815301076,1909f56bfc062723c751e8b465ee728b)
Start importing Assets/Objects/Monitor/OldMonitor.fbx using Guid(17e12cabf5033436f81f4a72248922b4) Importer(815301076,1909f56bfc062723c751e8b465ee728b)  -> (artifact id: '5fbfd06180c1428bf37881790330ed2f') in 0.542765 seconds 
========================================================================
Received Import Request.
  Time since last request: 14.601122 seconds.
  path: Assets/Objects/Monitor/OldMonitor.fbx
  artifactKey: Guid(17e12cabf5033436f81f4a72248922b4) Importer(815301076,1909f56bfc062723c751e8b465ee728b)
Start importing Assets/Objects/Monitor/OldMonitor.fbx using Guid(17e12cabf5033436f81f4a72248922b4) Importer(815301076,1909f56bfc062723c751e8b465ee728b)  -> (artifact id: '6ace9c6d3dbfcb2950200d5dde930bec') in 0.175911 seconds 
========================================================================
Received Import Request.
  Time since last request: 16.067586 seconds.
  path: Assets/Objects/Monitor/OldMonitorLandscape.fbx
  artifactKey: Guid(3117c9ff7fb57464d835b7239850cdc6) Importer(815301076,1909f56bfc062723c751e8b465ee728b)
Start importing Assets/Objects/Monitor/OldMonitorLandscape.fbx using Guid(3117c9ff7fb57464d835b7239850cdc6) Importer(815301076,1909f56bfc062723c751e8b465ee728b)  -> (artifact id: '2fbea7e270882a71c094e3d4cbdad996') in 0.139170 seconds 
========================================================================
Received Import Request.
  Time since last request: 8.364576 seconds.
  path: Assets/Objects/Monitor/OldMonitorLandscape.fbx
  artifactKey: Guid(3117c9ff7fb57464d835b7239850cdc6) Importer(815301076,1909f56bfc062723c751e8b465ee728b)
Start importing Assets/Objects/Monitor/OldMonitorLandscape.fbx using Guid(3117c9ff7fb57464d835b7239850cdc6) Importer(815301076,1909f56bfc062723c751e8b465ee728b)  -> (artifact id: 'b4606714e30bb6fc86f53415c4270003') in 0.129737 seconds 
========================================================================
Received Import Request.
  Time since last request: 38.665667 seconds.
  path: Assets/Objects/Monitor/OldMonitor_CompyPlastic_MetallicSmoothness_Raw.png
  artifactKey: Guid(3c70da993fdd440c09dd2849fec6c8ad) Importer(815301076,1909f56bfc062723c751e8b465ee728b)
Start importing Assets/Objects/Monitor/OldMonitor_CompyPlastic_MetallicSmoothness_Raw.png using Guid(3c70da993fdd440c09dd2849fec6c8ad) Importer(815301076,1909f56bfc062723c751e8b465ee728b)  -> (artifact id: '0e8d096fccbf336d1c250ea7858ddd1e') in 0.036844 seconds 
========================================================================
Received Import Request.
  Time since last request: 12.106821 seconds.
  path: Assets/Objects/Monitor/OldMonitor_CompyPlastic_Normal_Raw.png
  artifactKey: Guid(8a02f27c3006e47f4939fe0add34826e) Importer(815301076,1909f56bfc062723c751e8b465ee728b)
Start importing Assets/Objects/Monitor/OldMonitor_CompyPlastic_Normal_Raw.png using Guid(8a02f27c3006e47f4939fe0add34826e) Importer(815301076,1909f56bfc062723c751e8b465ee728b)  -> (artifact id: 'a9694544139a74837793e420ef8592ea') in 0.042185 seconds 
========================================================================
Received Import Request.
  Time since last request: 30.079290 seconds.
  path: Assets/Objects/Monitor/OldMonitor_CRTBackplane_AlbedoTransparency_sRGB.png
  artifactKey: Guid(28909256c1dd94462939fb2072806162) Importer(815301076,1909f56bfc062723c751e8b465ee728b)
Start importing Assets/Objects/Monitor/OldMonitor_CRTBackplane_AlbedoTransparency_sRGB.png using Guid(28909256c1dd94462939fb2072806162) Importer(815301076,1909f56bfc062723c751e8b465ee728b)  -> (artifact id: '809f4f3d082f2433e2f6a045765646c4') in 0.017144 seconds 
========================================================================
Received Import Request.
  Time since last request: 4.678759 seconds.
  path: Assets/Objects/Monitor/Textures
  artifactKey: Guid(c6ae0f0c1b649154394e17ec98b43820) Importer(815301076,1909f56bfc062723c751e8b465ee728b)
Start importing Assets/Objects/Monitor/Textures using Guid(c6ae0f0c1b649154394e17ec98b43820) Importer(815301076,1909f56bfc062723c751e8b465ee728b)  -> (artifact id: '22b8f5d250617e6bbd54aff5e8792104') in 0.015955 seconds 
========================================================================
Received Import Request.
  Time since last request: 1.936854 seconds.
  path: Assets/Objects/Monitor/OldMonitor_CompyPlastic_AlbedoTransparency_sRGB.png
  artifactKey: Guid(2d13d93ee3ee449019843a2860597a64) Importer(815301076,1909f56bfc062723c751e8b465ee728b)
Start importing Assets/Objects/Monitor/OldMonitor_CompyPlastic_AlbedoTransparency_sRGB.png using Guid(2d13d93ee3ee449019843a2860597a64) Importer(815301076,1909f56bfc062723c751e8b465ee728b)  -> (artifact id: 'c9818435f03c85bd2c53fe2713388d66') in 0.029405 seconds 
========================================================================
Received Import Request.
  Time since last request: 47.321454 seconds.
  path: Assets/Objects/Monitor/OldMonitor_BlackDriveInterior_AlbedoTransparency_sRGB.png
  artifactKey: Guid(4753ed9be609f4a589ef1a92dd6ea0d0) Importer(815301076,1909f56bfc062723c751e8b465ee728b)
Start importing Assets/Objects/Monitor/OldMonitor_BlackDriveInterior_AlbedoTransparency_sRGB.png using Guid(4753ed9be609f4a589ef1a92dd6ea0d0) Importer(815301076,1909f56bfc062723c751e8b465ee728b)  -> (artifact id: 'e5ee40ab0a7d24a461737e8e4396e61a') in 0.020628 seconds 
========================================================================
Received Import Request.
  Time since last request: 3.578977 seconds.
  path: Assets/Objects/Monitor/OldMonitor.fbx
  artifactKey: Guid(17e12cabf5033436f81f4a72248922b4) Importer(815301076,1909f56bfc062723c751e8b465ee728b)
Start importing Assets/Objects/Monitor/OldMonitor.fbx using Guid(17e12cabf5033436f81f4a72248922b4) Importer(815301076,1909f56bfc062723c751e8b465ee728b)  -> (artifact id: '6dcd556c74f5fee0882103880577d1bc') in 0.181836 seconds 
========================================================================
Received Import Request.
  Time since last request: 19.723464 seconds.
  path: Assets/Objects/Monitor/OldMonitor_DriveLightEmmiter_Emission_sRGB.png
  artifactKey: Guid(8b9387b71fb1141c8a6b01bdd4872eac) Importer(815301076,1909f56bfc062723c751e8b465ee728b)
Start importing Assets/Objects/Monitor/OldMonitor_DriveLightEmmiter_Emission_sRGB.png using Guid(8b9387b71fb1141c8a6b01bdd4872eac) Importer(815301076,1909f56bfc062723c751e8b465ee728b)  -> (artifact id: '7c8e2d78ad914a84cddd3a158dd00dcd') in 0.018812 seconds 
========================================================================
Received Import Request.
  Time since last request: 5.696274 seconds.
  path: Assets/Objects/Monitor/OldMonitorLandscape.fbx
  artifactKey: Guid(3117c9ff7fb57464d835b7239850cdc6) Importer(815301076,1909f56bfc062723c751e8b465ee728b)
Start importing Assets/Objects/Monitor/OldMonitorLandscape.fbx using Guid(3117c9ff7fb57464d835b7239850cdc6) Importer(815301076,1909f56bfc062723c751e8b465ee728b)  -> (artifact id: 'db66f0f5020c79f3dbec44346c4d1ed7') in 0.212290 seconds 
========================================================================
Received Import Request.
  Time since last request: 8.916830 seconds.
  path: Assets/Objects/Monitor/OldMonitorLandscape.fbx
  artifactKey: Guid(3117c9ff7fb57464d835b7239850cdc6) Importer(815301076,1909f56bfc062723c751e8b465ee728b)
Start importing Assets/Objects/Monitor/OldMonitorLandscape.fbx using Guid(3117c9ff7fb57464d835b7239850cdc6) Importer(815301076,1909f56bfc062723c751e8b465ee728b)  -> (artifact id: '1af122906e9d715c4c5b517c279a2a5f') in 0.150266 seconds 
========================================================================
Received Import Request.
  Time since last request: 11.301016 seconds.
  path: Assets/Objects/Monitor/Materials
  artifactKey: Guid(db8ad49a30d6c7847bd8c8c3d801e15b) Importer(815301076,1909f56bfc062723c751e8b465ee728b)
Start importing Assets/Objects/Monitor/Materials using Guid(db8ad49a30d6c7847bd8c8c3d801e15b) Importer(815301076,1909f56bfc062723c751e8b465ee728b)  -> (artifact id: '90112df0dc684dcdc22fab60b2bfd4f1') in 0.007271 seconds 
========================================================================
Received Import Request.
  Time since last request: 57.560253 seconds.
  path: Assets/Objects/Monitor/OldMonitor.fbx
  artifactKey: Guid(17e12cabf5033436f81f4a72248922b4) Importer(815301076,1909f56bfc062723c751e8b465ee728b)
Start importing Assets/Objects/Monitor/OldMonitor.fbx using Guid(17e12cabf5033436f81f4a72248922b4) Importer(815301076,1909f56bfc062723c751e8b465ee728b)  -> (artifact id: 'b9830962b4fa7081fa85472721ca90ef') in 0.151958 seconds 
========================================================================
Received Import Request.
  Time since last request: 7.049854 seconds.
  path: Assets/Objects/Monitor/OldMonitor.fbx
  artifactKey: Guid(17e12cabf5033436f81f4a72248922b4) Importer(815301076,1909f56bfc062723c751e8b465ee728b)
Start importing Assets/Objects/Monitor/OldMonitor.fbx using Guid(17e12cabf5033436f81f4a72248922b4) Importer(815301076,1909f56bfc062723c751e8b465ee728b)  -> (artifact id: '1f7299e8458ff1ac904836d13ba7d48a') in 0.131801 seconds 
========================================================================
Received Import Request.
  Time since last request: 1.496209 seconds.
  path: Assets/Objects/Monitor/OldMonitorLandscape.fbx
  artifactKey: Guid(3117c9ff7fb57464d835b7239850cdc6) Importer(815301076,1909f56bfc062723c751e8b465ee728b)
Start importing Assets/Objects/Monitor/OldMonitorLandscape.fbx using Guid(3117c9ff7fb57464d835b7239850cdc6) Importer(815301076,1909f56bfc062723c751e8b465ee728b)  -> (artifact id: '52d5940ad0557e8c8971c924a8e58e1b') in 0.160586 seconds 
========================================================================
Received Import Request.
  Time since last request: 5.516314 seconds.
  path: Assets/Objects/Monitor/OldMonitorLandscape.fbx
  artifactKey: Guid(3117c9ff7fb57464d835b7239850cdc6) Importer(815301076,1909f56bfc062723c751e8b465ee728b)
Start importing Assets/Objects/Monitor/OldMonitorLandscape.fbx using Guid(3117c9ff7fb57464d835b7239850cdc6) Importer(815301076,1909f56bfc062723c751e8b465ee728b)  -> (artifact id: 'bb870983dc98492884560c99e3793880') in 0.149080 seconds 
========================================================================
Received Import Request.
  Time since last request: 49.556823 seconds.
  path: Assets/Objects/Monitor/OldMonitor_DriveLightEmmiter_AlbedoTransparency_sRGB.png
  artifactKey: Guid(3555d6564d1eb4bb8b065a7baaff14c6) Importer(815301076,1909f56bfc062723c751e8b465ee728b)
Start importing Assets/Objects/Monitor/OldMonitor_DriveLightEmmiter_AlbedoTransparency_sRGB.png using Guid(3555d6564d1eb4bb8b065a7baaff14c6) Importer(815301076,1909f56bfc062723c751e8b465ee728b)  -> (artifact id: 'a0fa61cc77e04ce9137cb74aad1fc60d') in 0.018514 seconds 
========================================================================
Received Import Request.
  Time since last request: 4.968412 seconds.
  path: Assets/Objects/Monitor/OldMonitor.fbx
  artifactKey: Guid(17e12cabf5033436f81f4a72248922b4) Importer(815301076,1909f56bfc062723c751e8b465ee728b)
Start importing Assets/Objects/Monitor/OldMonitor.fbx using Guid(17e12cabf5033436f81f4a72248922b4) Importer(815301076,1909f56bfc062723c751e8b465ee728b)  -> (artifact id: 'd19d631a3fc2b7d84afc03b061404296') in 0.171644 seconds 
========================================================================
Received Import Request.
  Time since last request: 5.213117 seconds.
  path: Assets/Objects/Monitor/OldMonitor.fbx
  artifactKey: Guid(17e12cabf5033436f81f4a72248922b4) Importer(815301076,1909f56bfc062723c751e8b465ee728b)
Start importing Assets/Objects/Monitor/OldMonitor.fbx using Guid(17e12cabf5033436f81f4a72248922b4) Importer(815301076,1909f56bfc062723c751e8b465ee728b)  -> (artifact id: '435f91b4abaec61c08ca572a0a70f806') in 0.151940 seconds 
========================================================================
Received Import Request.
  Time since last request: 5.178746 seconds.
  path: Assets/Objects/Monitor/OldMonitorLandscape.fbx
  artifactKey: Guid(3117c9ff7fb57464d835b7239850cdc6) Importer(815301076,1909f56bfc062723c751e8b465ee728b)
Start importing Assets/Objects/Monitor/OldMonitorLandscape.fbx using Guid(3117c9ff7fb57464d835b7239850cdc6) Importer(815301076,1909f56bfc062723c751e8b465ee728b)  -> (artifact id: '85679caa16c9813f85259f21b18f9c4a') in 0.160419 seconds 
========================================================================
Received Import Request.
  Time since last request: 3.346659 seconds.
  path: Assets/Objects/Monitor/OldMonitorLandscape.fbx
  artifactKey: Guid(3117c9ff7fb57464d835b7239850cdc6) Importer(815301076,1909f56bfc062723c751e8b465ee728b)
Start importing Assets/Objects/Monitor/OldMonitorLandscape.fbx using Guid(3117c9ff7fb57464d835b7239850cdc6) Importer(815301076,1909f56bfc062723c751e8b465ee728b)  -> (artifact id: 'eb447aa80ae566876bc0349c0c024851') in 0.164088 seconds 
========================================================================
Received Import Request.
  Time since last request: 3.482406 seconds.
  path: Assets/Objects/Monitor/OldMonitor_SwitchEmiter_MetallicSmoothness_Raw.png
  artifactKey: Guid(d82f7ac9a1c0d4de3a9c1bd3b3f63313) Importer(815301076,1909f56bfc062723c751e8b465ee728b)
Start importing Assets/Objects/Monitor/OldMonitor_SwitchEmiter_MetallicSmoothness_Raw.png using Guid(d82f7ac9a1c0d4de3a9c1bd3b3f63313) Importer(815301076,1909f56bfc062723c751e8b465ee728b)  -> (artifact id: 'a02886ca8d1a5ea75a3db41cea14e5c3') in 0.018360 seconds 
========================================================================
Received Import Request.
  Time since last request: 62.580998 seconds.
  path: Assets/Objects/Monitor/OldMonitor_DriveLightFilter_AlbedoTransparency_sRGB.png
  artifactKey: Guid(fa62178f35b914dc0954287bbf2b79d2) Importer(815301076,1909f56bfc062723c751e8b465ee728b)
Start importing Assets/Objects/Monitor/OldMonitor_DriveLightFilter_AlbedoTransparency_sRGB.png using Guid(fa62178f35b914dc0954287bbf2b79d2) Importer(815301076,1909f56bfc062723c751e8b465ee728b)  -> (artifact id: 'af0a51a29ec9f986220f11417d1b2364') in 0.052235 seconds 
========================================================================
Received Import Request.
  Time since last request: 0.424891 seconds.
  path: Assets/Objects/Monitor/OldMonitor_DriveLightFilter_Emission_sRGB.png
  artifactKey: Guid(015fcb3f62ceb4b71ab07653cef6f09b) Importer(815301076,1909f56bfc062723c751e8b465ee728b)
Start importing Assets/Objects/Monitor/OldMonitor_DriveLightFilter_Emission_sRGB.png using Guid(015fcb3f62ceb4b71ab07653cef6f09b) Importer(815301076,1909f56bfc062723c751e8b465ee728b)  -> (artifact id: '6c9d1c38ec5129d4eff137e5f63fa51a') in 0.018344 seconds 
========================================================================
Received Import Request.
  Time since last request: 0.402003 seconds.
  path: Assets/Objects/Monitor/OldMonitor_DriveLightFilter_MetallicSmoothness_Raw.png
  artifactKey: Guid(6350d04fef33b4c38bff73ccad0d0905) Importer(815301076,1909f56bfc062723c751e8b465ee728b)
Start importing Assets/Objects/Monitor/OldMonitor_DriveLightFilter_MetallicSmoothness_Raw.png using Guid(6350d04fef33b4c38bff73ccad0d0905) Importer(815301076,1909f56bfc062723c751e8b465ee728b)  -> (artifact id: '2470be60283e88788dae26ce51b00de3') in 0.019066 seconds 
========================================================================
Received Import Request.
  Time since last request: 0.401503 seconds.
  path: Assets/Objects/Monitor/OldMonitor_DriveLightFilter_Normal_Raw.png
  artifactKey: Guid(a1dfb9a6fc64842af87ccf902f93bc3e) Importer(815301076,1909f56bfc062723c751e8b465ee728b)
Start importing Assets/Objects/Monitor/OldMonitor_DriveLightFilter_Normal_Raw.png using Guid(a1dfb9a6fc64842af87ccf902f93bc3e) Importer(815301076,1909f56bfc062723c751e8b465ee728b)  -> (artifact id: '5b05dacfa6b1633c8971ab5bc08be0f2') in 0.016523 seconds 
========================================================================
Received Import Request.
  Time since last request: 18.475008 seconds.
  path: Assets/Objects/Monitor/OldMonitor.fbx
  artifactKey: Guid(17e12cabf5033436f81f4a72248922b4) Importer(815301076,1909f56bfc062723c751e8b465ee728b)
Start importing Assets/Objects/Monitor/OldMonitor.fbx using Guid(17e12cabf5033436f81f4a72248922b4) Importer(815301076,1909f56bfc062723c751e8b465ee728b)  -> (artifact id: '1b3f1f3c0cae439e95cab066ec21d64f') in 0.180029 seconds 
========================================================================
Received Import Request.
  Time since last request: 7.915962 seconds.
  path: Assets/Objects/Monitor/OldMonitor.fbx
  artifactKey: Guid(17e12cabf5033436f81f4a72248922b4) Importer(815301076,1909f56bfc062723c751e8b465ee728b)
Start importing Assets/Objects/Monitor/OldMonitor.fbx using Guid(17e12cabf5033436f81f4a72248922b4) Importer(815301076,1909f56bfc062723c751e8b465ee728b)  -> (artifact id: '6746f0f3bd8c6e98e1dd853d230fa0ae') in 0.171015 seconds 
========================================================================
Received Import Request.
  Time since last request: 3.166043 seconds.
  path: Assets/Objects/Monitor/OldMonitorLandscape.fbx
  artifactKey: Guid(3117c9ff7fb57464d835b7239850cdc6) Importer(815301076,1909f56bfc062723c751e8b465ee728b)
Start importing Assets/Objects/Monitor/OldMonitorLandscape.fbx using Guid(3117c9ff7fb57464d835b7239850cdc6) Importer(815301076,1909f56bfc062723c751e8b465ee728b)  -> (artifact id: '4793780762f8a9f63705ec90dc0d1cb4') in 0.176841 seconds 
========================================================================
Received Import Request.
  Time since last request: 2.948384 seconds.
  path: Assets/Objects/Monitor/OldMonitorLandscape.fbx
  artifactKey: Guid(3117c9ff7fb57464d835b7239850cdc6) Importer(815301076,1909f56bfc062723c751e8b465ee728b)
Start importing Assets/Objects/Monitor/OldMonitorLandscape.fbx using Guid(3117c9ff7fb57464d835b7239850cdc6) Importer(815301076,1909f56bfc062723c751e8b465ee728b)  -> (artifact id: 'aabed898d44e5745673b5b9a7f314f6d') in 0.184518 seconds 
========================================================================
Received Import Request.
  Time since last request: 3.630777 seconds.
  path: Assets/Objects/Monitor/OldMonitor_SwitchPlastic_Emission_sRGB.png
  artifactKey: Guid(537b05a11743f44f196972b5b39df057) Importer(815301076,1909f56bfc062723c751e8b465ee728b)
Start importing Assets/Objects/Monitor/OldMonitor_SwitchPlastic_Emission_sRGB.png using Guid(537b05a11743f44f196972b5b39df057) Importer(815301076,1909f56bfc062723c751e8b465ee728b)  -> (artifact id: '6819105a32547c9608ea7bc77fa4a8bf') in 0.023644 seconds 
========================================================================
Received Import Request.
  Time since last request: 33.718837 seconds.
  path: Assets/Objects/Monitor/OldMonitor_SwitchEmiter_AlbedoTransparency_sRGB.png
  artifactKey: Guid(eb80c28243b544b67bf40a02321d51c7) Importer(815301076,1909f56bfc062723c751e8b465ee728b)
Start importing Assets/Objects/Monitor/OldMonitor_SwitchEmiter_AlbedoTransparency_sRGB.png using Guid(eb80c28243b544b67bf40a02321d51c7) Importer(815301076,1909f56bfc062723c751e8b465ee728b)  -> (artifact id: 'c0ab16e3ca550d68f19d6317d9d2c6ce') in 0.016871 seconds 
========================================================================
Received Import Request.
  Time since last request: 15.069161 seconds.
  path: Assets/Objects/Monitor/OldMonitor.fbx
  artifactKey: Guid(17e12cabf5033436f81f4a72248922b4) Importer(815301076,1909f56bfc062723c751e8b465ee728b)
Start importing Assets/Objects/Monitor/OldMonitor.fbx using Guid(17e12cabf5033436f81f4a72248922b4) Importer(815301076,1909f56bfc062723c751e8b465ee728b)  -> (artifact id: 'd9e23160a67d74223f07195461261d00') in 1.707607 seconds 
========================================================================
Received Import Request.
  Time since last request: 9.009953 seconds.
  path: Assets/Objects/Monitor/OldMonitor.fbx
  artifactKey: Guid(17e12cabf5033436f81f4a72248922b4) Importer(815301076,1909f56bfc062723c751e8b465ee728b)
Start importing Assets/Objects/Monitor/OldMonitor.fbx using Guid(17e12cabf5033436f81f4a72248922b4) Importer(815301076,1909f56bfc062723c751e8b465ee728b)  -> (artifact id: '787f8ff95ba1b1974e57df678fca3bae') in 0.210767 seconds 
========================================================================
Received Import Request.
  Time since last request: 221.020828 seconds.
  path: Assets/Objects/Monitor/Textures/OldMonitor_SwitchEmiter_Emission_sRGB.png
  artifactKey: Guid(54b544c330b06440c8fcc38bc1016b5b) Importer(815301076,1909f56bfc062723c751e8b465ee728b)
Start importing Assets/Objects/Monitor/Textures/OldMonitor_SwitchEmiter_Emission_sRGB.png using Guid(54b544c330b06440c8fcc38bc1016b5b) Importer(815301076,1909f56bfc062723c751e8b465ee728b)  -> (artifact id: 'c722359c08adf9fbbb21331d8e86796a') in 0.032113 seconds 
========================================================================
Received Import Request.
  Time since last request: 287.525619 seconds.
  path: Assets/Objects/Monitor/OldMonitor_SwitchPlastic_AlbedoTransparency_sRGB.png
  artifactKey: Guid(0c2844af434c64a9b98922894dced2c2) Importer(815301076,1909f56bfc062723c751e8b465ee728b)
Start importing Assets/Objects/Monitor/OldMonitor_SwitchPlastic_AlbedoTransparency_sRGB.png using Guid(0c2844af434c64a9b98922894dced2c2) Importer(815301076,1909f56bfc062723c751e8b465ee728b)  -> (artifact id: 'b2e0c26e9bf9ef33913a812d4bd93d23') in 0.048514 seconds 
========================================================================
Received Import Request.
  Time since last request: 34.574943 seconds.
  path: Assets/Objects/Monitor/OldMonitor.fbx
  artifactKey: Guid(17e12cabf5033436f81f4a72248922b4) Importer(815301076,1909f56bfc062723c751e8b465ee728b)
Start importing Assets/Objects/Monitor/OldMonitor.fbx using Guid(17e12cabf5033436f81f4a72248922b4) Importer(815301076,1909f56bfc062723c751e8b465ee728b)  -> (artifact id: 'c319085667e4482d20309e6acf7528f9') in 0.207118 seconds 
========================================================================
Received Import Request.
  Time since last request: 5.304591 seconds.
  path: Assets/Objects/Monitor/OldMonitorLandscape.fbx
  artifactKey: Guid(3117c9ff7fb57464d835b7239850cdc6) Importer(815301076,1909f56bfc062723c751e8b465ee728b)
Start importing Assets/Objects/Monitor/OldMonitorLandscape.fbx using Guid(3117c9ff7fb57464d835b7239850cdc6) Importer(815301076,1909f56bfc062723c751e8b465ee728b)  -> (artifact id: 'fe363d652f32f8a4383fd32b5a622895') in 0.195017 seconds 
========================================================================
Received Import Request.
  Time since last request: 6.968574 seconds.
  path: Assets/Objects/Monitor/OldMonitorLandscape.fbx
  artifactKey: Guid(3117c9ff7fb57464d835b7239850cdc6) Importer(815301076,1909f56bfc062723c751e8b465ee728b)
Start importing Assets/Objects/Monitor/OldMonitorLandscape.fbx using Guid(3117c9ff7fb57464d835b7239850cdc6) Importer(815301076,1909f56bfc062723c751e8b465ee728b)  -> (artifact id: '1f7ef8b5b537e9fcbcd6465fe07c4866') in 0.177615 seconds 
========================================================================
Received Import Request.
  Time since last request: 2.567221 seconds.
  path: Assets/Objects/Monitor
  artifactKey: Guid(c7faef731d9124be5b1638ed756ba116) Importer(815301076,1909f56bfc062723c751e8b465ee728b)
Start importing Assets/Objects/Monitor using Guid(c7faef731d9124be5b1638ed756ba116) Importer(815301076,1909f56bfc062723c751e8b465ee728b)  -> (artifact id: '7ee7bdc3c51cfea36aef7238320c528d') in 0.013990 seconds 
========================================================================
Received Import Request.
  Time since last request: 51.573055 seconds.
  path: Assets/Objects/Monitor/OldMonitor_TVGlass_AlbedoTransparency_sRGB.png
  artifactKey: Guid(4a010ce04448b48ad8db290c75b563ec) Importer(815301076,1909f56bfc062723c751e8b465ee728b)
Start importing Assets/Objects/Monitor/OldMonitor_TVGlass_AlbedoTransparency_sRGB.png using Guid(4a010ce04448b48ad8db290c75b563ec) Importer(815301076,1909f56bfc062723c751e8b465ee728b)  -> (artifact id: '4e5c10d624de9062f79158c135ceff23') in 0.021119 seconds 
========================================================================
Received Import Request.
  Time since last request: 7.648851 seconds.
  path: Assets/Objects/Monitor/OldMonitor.fbx
  artifactKey: Guid(17e12cabf5033436f81f4a72248922b4) Importer(815301076,1909f56bfc062723c751e8b465ee728b)
Start importing Assets/Objects/Monitor/OldMonitor.fbx using Guid(17e12cabf5033436f81f4a72248922b4) Importer(815301076,1909f56bfc062723c751e8b465ee728b)  -> (artifact id: 'cc77dbc3d28d9d8c2394ec43c6732a48') in 0.185378 seconds 
========================================================================
Received Import Request.
  Time since last request: 4.452209 seconds.
  path: Assets/Objects/Monitor/OldMonitor.fbx
  artifactKey: Guid(17e12cabf5033436f81f4a72248922b4) Importer(815301076,1909f56bfc062723c751e8b465ee728b)
Start importing Assets/Objects/Monitor/OldMonitor.fbx using Guid(17e12cabf5033436f81f4a72248922b4) Importer(815301076,1909f56bfc062723c751e8b465ee728b)  -> (artifact id: '72d97562c6e7de3b7190a0555f75da31') in 0.206226 seconds 
========================================================================
Received Import Request.
  Time since last request: 8.804584 seconds.
  path: Assets/Objects/Monitor/OldMonitorLandscape.fbx
  artifactKey: Guid(3117c9ff7fb57464d835b7239850cdc6) Importer(815301076,1909f56bfc062723c751e8b465ee728b)
Start importing Assets/Objects/Monitor/OldMonitorLandscape.fbx using Guid(3117c9ff7fb57464d835b7239850cdc6) Importer(815301076,1909f56bfc062723c751e8b465ee728b)  -> (artifact id: '6b1e628ea614035e3582b6731dfedfe9') in 0.188338 seconds 
========================================================================
Received Import Request.
  Time since last request: 4.826923 seconds.
  path: Assets/Objects/Monitor/OldMonitorLandscape.fbx
  artifactKey: Guid(3117c9ff7fb57464d835b7239850cdc6) Importer(815301076,1909f56bfc062723c751e8b465ee728b)
Start importing Assets/Objects/Monitor/OldMonitorLandscape.fbx using Guid(3117c9ff7fb57464d835b7239850cdc6) Importer(815301076,1909f56bfc062723c751e8b465ee728b)  -> (artifact id: 'd909c6ec765e1bf0c07c5b91a177312a') in 0.189727 seconds 
========================================================================
Received Import Request.
  Time since last request: 574.278659 seconds.
  path: Assets/Objects/Keyboard
  artifactKey: Guid(7b43414f1640a4febbe39d0ff961393b) Importer(815301076,1909f56bfc062723c751e8b465ee728b)
Start importing Assets/Objects/Keyboard using Guid(7b43414f1640a4febbe39d0ff961393b) Importer(815301076,1909f56bfc062723c751e8b465ee728b)  -> (artifact id: '62bb9e06b06efedbad534609d593bf32') in 0.013354 seconds 
========================================================================
Received Import Request.
  Time since last request: 21.089918 seconds.
  path: Assets/Objects/Keyboard/Keyboard.fbx
  artifactKey: Guid(d206eb8ab1777498285be634aae4c10b) Importer(815301076,1909f56bfc062723c751e8b465ee728b)
Start importing Assets/Objects/Keyboard/Keyboard.fbx using Guid(d206eb8ab1777498285be634aae4c10b) Importer(815301076,1909f56bfc062723c751e8b465ee728b)  -> (artifact id: '34c4496fb12df0aa56164bed88a35778') in 0.043682 seconds 
========================================================================
Received Import Request.
  Time since last request: 56.249777 seconds.
  path: Assets/Objects/Keyboard/Materials
  artifactKey: Guid(570f0ae9166793e4399e8300fd811316) Importer(815301076,1909f56bfc062723c751e8b465ee728b)
Start importing Assets/Objects/Keyboard/Materials using Guid(570f0ae9166793e4399e8300fd811316) Importer(815301076,1909f56bfc062723c751e8b465ee728b)  -> (artifact id: '21c5811b85c25cea21e8e6f4c9d98b85') in 0.015677 seconds 
========================================================================
Received Import Request.
  Time since last request: 6.033588 seconds.
  path: Assets/Objects/Keyboard/Textures
  artifactKey: Guid(ceb63f4bb56520f4d8cf636d5731fb2e) Importer(815301076,1909f56bfc062723c751e8b465ee728b)
Start importing Assets/Objects/Keyboard/Textures using Guid(ceb63f4bb56520f4d8cf636d5731fb2e) Importer(815301076,1909f56bfc062723c751e8b465ee728b)  -> (artifact id: '553fbb4f7537a5b243087c482e430170') in 0.004292 seconds 
========================================================================
Received Import Request.
  Time since last request: 10.913057 seconds.
  path: Assets/Objects/Mouse
  artifactKey: Guid(240a5aef0ba554e7696223ecd0d92009) Importer(815301076,1909f56bfc062723c751e8b465ee728b)
Start importing Assets/Objects/Mouse using Guid(240a5aef0ba554e7696223ecd0d92009) Importer(815301076,1909f56bfc062723c751e8b465ee728b)  -> (artifact id: '21946d3c2c37d818e90cbeddf2f33b57') in 0.014788 seconds 
========================================================================
Received Import Request.
  Time since last request: 22.800486 seconds.
  path: Assets/Objects/Mouse/Textures
  artifactKey: Guid(fcc529ac2640b9b41b12973e0daabc62) Importer(815301076,1909f56bfc062723c751e8b465ee728b)
Start importing Assets/Objects/Mouse/Textures using Guid(fcc529ac2640b9b41b12973e0daabc62) Importer(815301076,1909f56bfc062723c751e8b465ee728b)  -> (artifact id: '0f7d88e36b3c6617faa1144456694013') in 0.005767 seconds 
========================================================================
Received Import Request.
  Time since last request: 6.578274 seconds.
  path: Assets/Objects/Mouse/Materials
  artifactKey: Guid(5eba156e260447447883599fba8c58e4) Importer(815301076,1909f56bfc062723c751e8b465ee728b)
Start importing Assets/Objects/Mouse/Materials using Guid(5eba156e260447447883599fba8c58e4) Importer(815301076,1909f56bfc062723c751e8b465ee728b)  -> (artifact id: 'bce5022a4d0acf41c41bfcf780733e76') in 0.003273 seconds 
========================================================================
Received Import Request.
  Time since last request: 1.860769 seconds.
  path: Assets/Objects/Mouse/mouse_Hard Shiny Plastic Black1_AlbedoTransparency_sRGB.png
  artifactKey: Guid(e0100d9622de74827ae615d7141e10dc) Importer(815301076,1909f56bfc062723c751e8b465ee728b)
Start importing Assets/Objects/Mouse/mouse_Hard Shiny Plastic Black1_AlbedoTransparency_sRGB.png using Guid(e0100d9622de74827ae615d7141e10dc) Importer(815301076,1909f56bfc062723c751e8b465ee728b)  -> (artifact id: '9a76c53345402e87fd67f81ab07e8d7a') in 0.025831 seconds 
========================================================================
Received Import Request.
  Time since last request: 31.010330 seconds.
  path: Assets/Objects/Mouse/mouse_Hard Shiny Plastic Grey_Normal_Raw.png
  artifactKey: Guid(da2b5a64e95d44858858f05bba94d65c) Importer(815301076,1909f56bfc062723c751e8b465ee728b)
Start importing Assets/Objects/Mouse/mouse_Hard Shiny Plastic Grey_Normal_Raw.png using Guid(da2b5a64e95d44858858f05bba94d65c) Importer(815301076,1909f56bfc062723c751e8b465ee728b)  -> (artifact id: '3b723308ccfdbf2dec15ee66631fc38c') in 0.022454 seconds 
========================================================================
Received Import Request.
  Time since last request: 7.041989 seconds.
  path: Assets/Objects/Mouse/mouse_Hard Shiny Plastic Black_AlbedoTransparency_sRGB.png
  artifactKey: Guid(7ad6794cf6a374e43a7728cde23123e2) Importer(815301076,1909f56bfc062723c751e8b465ee728b)
Start importing Assets/Objects/Mouse/mouse_Hard Shiny Plastic Black_AlbedoTransparency_sRGB.png using Guid(7ad6794cf6a374e43a7728cde23123e2) Importer(815301076,1909f56bfc062723c751e8b465ee728b)  -> (artifact id: '87e9e3ad88c616684e2b6a2b7d51752a') in 0.018403 seconds 
========================================================================
Received Import Request.
  Time since last request: 59.800691 seconds.
  path: Assets/Objects/Mouse/mouse_Hard Shiny Plastic Grey_AlbedoTransparency_sRGB.png
  artifactKey: Guid(62a54763fb6ae4f6589e06ddc31d9815) Importer(815301076,1909f56bfc062723c751e8b465ee728b)
Start importing Assets/Objects/Mouse/mouse_Hard Shiny Plastic Grey_AlbedoTransparency_sRGB.png using Guid(62a54763fb6ae4f6589e06ddc31d9815) Importer(815301076,1909f56bfc062723c751e8b465ee728b)  -> (artifact id: 'fc9f5878d1062186d3ca73b2c96970a5') in 0.032200 seconds 
========================================================================
Received Import Request.
  Time since last request: 32.905680 seconds.
  path: Assets/Objects/Mouse/mouse_Rubber_AlbedoTransparency_sRGB.png
  artifactKey: Guid(c4805a564785e45b9a285f397de2a1a8) Importer(815301076,1909f56bfc062723c751e8b465ee728b)
Start importing Assets/Objects/Mouse/mouse_Rubber_AlbedoTransparency_sRGB.png using Guid(c4805a564785e45b9a285f397de2a1a8) Importer(815301076,1909f56bfc062723c751e8b465ee728b)  -> (artifact id: 'a309e52bafaff90ca0cb27b63c2876a2') in 0.024411 seconds 
========================================================================
Received Import Request.
  Time since last request: 15.502414 seconds.
  path: Assets/Objects/Mouse/mouse.fbx
  artifactKey: Guid(033fdddc40a4f4f818c9af20fb664961) Importer(815301076,1909f56bfc062723c751e8b465ee728b)
Start importing Assets/Objects/Mouse/mouse.fbx using Guid(033fdddc40a4f4f818c9af20fb664961) Importer(815301076,1909f56bfc062723c751e8b465ee728b)  -> (artifact id: '5465ed872f5b9429fa2fc9eb2987576f') in 0.091996 seconds 
