Using pre-set license
Built from '2021.2/staging' branch; Version is '2021.2.8f1 (d0e5f0a7b06a) revision 13690352'; Using compiler version '192829333'; Build Type 'Release'
OS: 'Windows 10  (10.0.19043) 64bit Professional' Language: 'en' Physical Memory: 16274 MB
BatchMode: 1, IsHumanControllingUs: 0, StartBugReporterOnCrash: 0, Is64bit: 1, IsPro: 0

COMMAND LINE ARGUMENTS:
D:\Development\ProgramFiles\Unity\2021.2.8f1\Editor\Unity.exe
-adb2
-batchMode
-noUpm
-name
AssetImportWorker0
-projectPath
D:/source/GameJam/GameJam22
-logFile
Logs/AssetImportWorker0.log
-srvPort
53082
Successfully changed project path to: D:/source/GameJam/GameJam22
D:/source/GameJam/GameJam22
[UnityMemory] Configuration Parameters - Can be set up in boot.config
    "memorysetup-bucket-allocator-granularity=16"
    "memorysetup-bucket-allocator-bucket-count=8"
    "memorysetup-bucket-allocator-block-size=33554432"
    "memorysetup-bucket-allocator-block-count=8"
    "memorysetup-main-allocator-block-size=16777216"
    "memorysetup-thread-allocator-block-size=16777216"
    "memorysetup-gfx-main-allocator-block-size=16777216"
    "memorysetup-gfx-thread-allocator-block-size=16777216"
    "memorysetup-cache-allocator-block-size=4194304"
    "memorysetup-typetree-allocator-block-size=2097152"
    "memorysetup-profiler-bucket-allocator-granularity=16"
    "memorysetup-profiler-bucket-allocator-bucket-count=8"
    "memorysetup-profiler-bucket-allocator-block-size=33554432"
    "memorysetup-profiler-bucket-allocator-block-count=8"
    "memorysetup-profiler-allocator-block-size=16777216"
    "memorysetup-profiler-editor-allocator-block-size=1048576"
    "memorysetup-temp-allocator-size-main=16777216"
    "memorysetup-job-temp-allocator-block-size=2097152"
    "memorysetup-job-temp-allocator-block-size-background=1048576"
    "memorysetup-job-temp-allocator-reduction-small-platforms=262144"
    "memorysetup-temp-allocator-size-background-worker=32768"
    "memorysetup-temp-allocator-size-job-worker=262144"
    "memorysetup-temp-allocator-size-preload-manager=33554432"
    "memorysetup-temp-allocator-size-nav-mesh-worker=65536"
    "memorysetup-temp-allocator-size-audio-worker=65536"
    "memorysetup-temp-allocator-size-cloud-worker=32768"
    "memorysetup-temp-allocator-size-gi-baking-worker=262144"
    "memorysetup-temp-allocator-size-gfx=262144"
Refreshing native plugins compatible for Editor in 68.89 ms, found 2 plugins.
Preloading 0 native plugins for Editor in 0.00 ms.
Initialize engine version: 2021.2.8f1 (d0e5f0a7b06a)
[Subsystems] Discovering subsystems at path D:/Development/ProgramFiles/Unity/2021.2.8f1/Editor/Data/Resources/UnitySubsystems
[Subsystems] Discovering subsystems at path D:/source/GameJam/GameJam22/Assets
GfxDevice: creating device client; threaded=0; jobified=0
Direct3D:
    Version:  Direct3D 11.0 [level 11.1]
    Renderer: NVIDIA GeForce GTX 1080 Ti (ID=0x1b06)
    Vendor:   NVIDIA
    VRAM:     11127 MB
    Driver:   30.0.14.9649
Initialize mono
Mono path[0] = 'D:/Development/ProgramFiles/Unity/2021.2.8f1/Editor/Data/Managed'
Mono path[1] = 'D:/Development/ProgramFiles/Unity/2021.2.8f1/Editor/Data/MonoBleedingEdge/lib/mono/unityjit-win32'
Mono config path = 'D:/Development/ProgramFiles/Unity/2021.2.8f1/Editor/Data/MonoBleedingEdge/etc'
Using monoOptions --debugger-agent=transport=dt_socket,embedding=1,server=y,suspend=n,address=127.0.0.1:56088
Begin MonoManager ReloadAssembly
Registering precompiled unity dll's ...
Register platform support module: D:/Development/ProgramFiles/Unity/2021.2.8f1/Editor/Data/PlaybackEngines/WebGLSupport/UnityEditor.WebGL.Extensions.dll
Register platform support module: D:/Development/ProgramFiles/Unity/2021.2.8f1/Editor/Data/PlaybackEngines/MacStandaloneSupport/UnityEditor.OSXStandalone.Extensions.dll
Register platform support module: D:/Development/ProgramFiles/Unity/2021.2.8f1/Editor/Data/PlaybackEngines/WindowsStandaloneSupport/UnityEditor.WindowsStandalone.Extensions.dll
Registered in 0.012346 seconds.
Native extension for WindowsStandalone target not found
Native extension for OSXStandalone target not found
Native extension for WebGL target not found
Refreshing native plugins compatible for Editor in 64.03 ms, found 2 plugins.
Preloading 0 native plugins for Editor in 0.00 ms.
Mono: successfully reloaded assembly
- Completed reload, in  0.789 seconds
Domain Reload Profiling:
	ReloadAssembly (790ms)
		BeginReloadAssembly (135ms)
			ExecutionOrderSort (0ms)
			DisableScriptedObjects (0ms)
			BackupInstance (0ms)
			ReleaseScriptingObjects (0ms)
			CreateAndSetChildDomain (1ms)
		EndReloadAssembly (554ms)
			LoadAssemblies (138ms)
			RebuildTransferFunctionScriptingTraits (0ms)
			SetupTypeCache (128ms)
			ReleaseScriptCaches (0ms)
			RebuildScriptCaches (32ms)
			SetupLoadedEditorAssemblies (330ms)
				LogAssemblyErrors (0ms)
				InitializePlatformSupportModulesInManaged (21ms)
				SetLoadedEditorAssemblies (0ms)
				RefreshPlugins (64ms)
				BeforeProcessingInitializeOnLoad (1ms)
				ProcessInitializeOnLoadAttributes (175ms)
				ProcessInitializeOnLoadMethodAttributes (68ms)
				AfterProcessingInitializeOnLoad (0ms)
				EditorAssembliesLoaded (0ms)
			ExecutionOrderSort2 (0ms)
			AwakeInstancesAfterBackupRestoration (0ms)
Platform modules already initialized, skipping
Registering precompiled user dll's ...
Registered in 0.011700 seconds.
Begin MonoManager ReloadAssembly
Native extension for WindowsStandalone target not found
Native extension for OSXStandalone target not found
Native extension for WebGL target not found
Refreshing native plugins compatible for Editor in 66.99 ms, found 2 plugins.
Preloading 0 native plugins for Editor in 0.00 ms.
Mono: successfully reloaded assembly
- Completed reload, in  2.007 seconds
Domain Reload Profiling:
	ReloadAssembly (2008ms)
		BeginReloadAssembly (191ms)
			ExecutionOrderSort (0ms)
			DisableScriptedObjects (13ms)
			BackupInstance (0ms)
			ReleaseScriptingObjects (0ms)
			CreateAndSetChildDomain (23ms)
		EndReloadAssembly (1701ms)
			LoadAssemblies (166ms)
			RebuildTransferFunctionScriptingTraits (0ms)
			SetupTypeCache (274ms)
			ReleaseScriptCaches (1ms)
			RebuildScriptCaches (72ms)
			SetupLoadedEditorAssemblies (1182ms)
				LogAssemblyErrors (0ms)
				InitializePlatformSupportModulesInManaged (16ms)
				SetLoadedEditorAssemblies (0ms)
				RefreshPlugins (67ms)
				BeforeProcessingInitializeOnLoad (82ms)
				ProcessInitializeOnLoadAttributes (920ms)
				ProcessInitializeOnLoadMethodAttributes (91ms)
				AfterProcessingInitializeOnLoad (6ms)
				EditorAssembliesLoaded (0ms)
			ExecutionOrderSort2 (0ms)
			AwakeInstancesAfterBackupRestoration (7ms)
Platform modules already initialized, skipping
========================================================================
Worker process is ready to serve import requests
Launched and connected shader compiler UnityShaderCompiler.exe after 0.09 seconds
Refreshing native plugins compatible for Editor in 1.07 ms, found 2 plugins.
Preloading 0 native plugins for Editor in 0.00 ms.
Unloading 3424 Unused Serialized files (Serialized files now loaded: 0)
Unloading 41 unused Assets / (2.0 MB). Loaded Objects now: 3868.
Memory consumption went from 161.8 MB to 159.8 MB.
Total: 4.699900 ms (FindLiveObjects: 0.362300 ms CreateObjectMapping: 0.171700 ms MarkObjects: 3.371200 ms  DeleteObjects: 0.792700 ms)

AssetImportParameters requested are different than current active one (requested -> active):
  custom:video-decoder-ogg-theora: a1e56fd34408186e4bbccfd4996cb3dc -> 
  custom:container-muxer-webm: aa71ff27fc2769a1b78a27578f13a17b -> 
  custom:container-demuxer-webm: 4f35f7cbe854078d1ac9338744f61a02 -> 
  custom:video-encoder-webm-vp8: eb34c28f22e8b96e1ab97ce403110664 -> 
  custom:audio-encoder-webm-vorbis: bf7c407c2cedff20999df2af8eb42d56 -> 
  custom:framework-win-MediaFoundation: 216162199b28c13a410421893ffa2e32 -> 
  custom:container-demuxer-ogg: 62fdf1f143b41e24485cea50d1cbac27 -> 
  custom:video-decoder-webm-vp8: 9c59270c3fd7afecdb556c50c9e8de78 -> 
  custom:audio-decoder-ogg-vorbis: bf7c407c2cedff20999df2af8eb42d56 -> 
========================================================================
Received Import Request.
  Time since last request: 1086310.835449 seconds.
  path: Assets/Objects/ProgressBar
  artifactKey: Guid(df623ed42ff0cf343b538782f8e4d701) Importer(815301076,1909f56bfc062723c751e8b465ee728b)
Start importing Assets/Objects/ProgressBar using Guid(df623ed42ff0cf343b538782f8e4d701) Importer(815301076,1909f56bfc062723c751e8b465ee728b)  -> (artifact id: 'b6344dc6d0baa17dd413081792336c9b') in 0.027940 seconds 
========================================================================
Received Import Request.
  Time since last request: 2.515524 seconds.
  path: Assets/Objects/ProgressBar/ProgressBar_BulbBase_OA_Raw.png
  artifactKey: Guid(9e6200b3ef05dae49bfee758d642c747) Importer(815301076,1909f56bfc062723c751e8b465ee728b)
Start importing Assets/Objects/ProgressBar/ProgressBar_BulbBase_OA_Raw.png using Guid(9e6200b3ef05dae49bfee758d642c747) Importer(815301076,1909f56bfc062723c751e8b465ee728b)  -> (artifact id: '99d95041d0c476124a6db59ded632645') in 0.124615 seconds 
========================================================================
Received Import Request.
  Time since last request: 69.890556 seconds.
  path: Assets/Objects/ProgressBar/ProgressBar_BlubGlass_Emission_sRGB.png
  artifactKey: Guid(46816c2998f6f6c4c8967d7466de7c34) Importer(815301076,1909f56bfc062723c751e8b465ee728b)
Start importing Assets/Objects/ProgressBar/ProgressBar_BlubGlass_Emission_sRGB.png using Guid(46816c2998f6f6c4c8967d7466de7c34) Importer(815301076,1909f56bfc062723c751e8b465ee728b)  -> (artifact id: 'f4ac2b59ee8e70bc6530bea5cb4f2586') in 0.022967 seconds 
========================================================================
Received Import Request.
  Time since last request: 7.237690 seconds.
  path: Assets/Objects/ProgressBar/Textures
  artifactKey: Guid(a9b7d11302066dd45aeb8dd90ec9a077) Importer(815301076,1909f56bfc062723c751e8b465ee728b)
Start importing Assets/Objects/ProgressBar/Textures using Guid(a9b7d11302066dd45aeb8dd90ec9a077) Importer(815301076,1909f56bfc062723c751e8b465ee728b)  -> (artifact id: 'a40134f545bca355d607bf732ee22d7b') in 0.007523 seconds 
========================================================================
Received Import Request.
  Time since last request: 2.244631 seconds.
  path: Assets/Objects/ProgressBar/ProgressBar_BlubGlass_AlbedoTransparency_sRGB.png
  artifactKey: Guid(d7013aa5dd1051d4384c09d9382a5570) Importer(815301076,1909f56bfc062723c751e8b465ee728b)
Start importing Assets/Objects/ProgressBar/ProgressBar_BlubGlass_AlbedoTransparency_sRGB.png using Guid(d7013aa5dd1051d4384c09d9382a5570) Importer(815301076,1909f56bfc062723c751e8b465ee728b)  -> (artifact id: '4cc02926a02cd2b0bda8a1d6863ce7fc') in 0.029638 seconds 
========================================================================
Received Import Request.
  Time since last request: 10.281461 seconds.
  path: Assets/Objects/ProgressBar/ProgressBar_BulbBase_MetallicSmoothness_Raw.png
  artifactKey: Guid(c8878f93cf64a714885ede4fba661d1c) Importer(815301076,1909f56bfc062723c751e8b465ee728b)
Start importing Assets/Objects/ProgressBar/ProgressBar_BulbBase_MetallicSmoothness_Raw.png using Guid(c8878f93cf64a714885ede4fba661d1c) Importer(815301076,1909f56bfc062723c751e8b465ee728b)  -> (artifact id: '7fb3d58bcec89f03c7a5e8b2c695d43f') in 0.015901 seconds 
========================================================================
Received Import Request.
  Time since last request: 34.298772 seconds.
  path: Assets/Objects/ProgressBar/ProgressBar_Box_AlbedoTransparency_sRGB.png
  artifactKey: Guid(ffdedfa49d85a6641819da5b52dd6881) Importer(815301076,1909f56bfc062723c751e8b465ee728b)
Start importing Assets/Objects/ProgressBar/ProgressBar_Box_AlbedoTransparency_sRGB.png using Guid(ffdedfa49d85a6641819da5b52dd6881) Importer(815301076,1909f56bfc062723c751e8b465ee728b)  -> (artifact id: 'ba1ea47573b25380f1d98f4e6317e6f2') in 0.030831 seconds 
========================================================================
Received Import Request.
  Time since last request: 2.229833 seconds.
  path: Assets/Objects/ProgressBar/ProgressBar_Box_Normal_Raw.png
  artifactKey: Guid(d4f822f18ef876e4685192ec7f962a6f) Importer(815301076,1909f56bfc062723c751e8b465ee728b)
Start importing Assets/Objects/ProgressBar/ProgressBar_Box_Normal_Raw.png using Guid(d4f822f18ef876e4685192ec7f962a6f) Importer(815301076,1909f56bfc062723c751e8b465ee728b)  -> (artifact id: '6d46389fc56e18b29910f889a7ffcc7a') in 0.018840 seconds 
========================================================================
Received Import Request.
  Time since last request: 4.149855 seconds.
  path: Assets/Objects/ProgressBar/ProgressBar_BulbCoil_Emission_sRGB.png
  artifactKey: Guid(acf5555355a3f5048a39b14f79823bd3) Importer(815301076,1909f56bfc062723c751e8b465ee728b)
Start importing Assets/Objects/ProgressBar/ProgressBar_BulbCoil_Emission_sRGB.png using Guid(acf5555355a3f5048a39b14f79823bd3) Importer(815301076,1909f56bfc062723c751e8b465ee728b)  -> (artifact id: '4e8c0777acd6868f45f5047c3304ff6d') in 0.016363 seconds 
========================================================================
Received Import Request.
  Time since last request: 32.311612 seconds.
  path: Assets/Objects/ProgressBar/ProgressBar_BulbBase_AlbedoTransparency_sRGB.png
  artifactKey: Guid(8861b444b31ace441b085cd1435ec7f7) Importer(815301076,1909f56bfc062723c751e8b465ee728b)
Start importing Assets/Objects/ProgressBar/ProgressBar_BulbBase_AlbedoTransparency_sRGB.png using Guid(8861b444b31ace441b085cd1435ec7f7) Importer(815301076,1909f56bfc062723c751e8b465ee728b)  -> (artifact id: 'aea31801ccd2c61e06319646b43a4f87') in 0.018391 seconds 
========================================================================
Received Import Request.
  Time since last request: 8.291681 seconds.
  path: Assets/Objects/ProgressBar/ProgressBar_BulbCoil_OA_Raw.png
  artifactKey: Guid(34389977e20c0f84e9644773a156e6e3) Importer(815301076,1909f56bfc062723c751e8b465ee728b)
Start importing Assets/Objects/ProgressBar/ProgressBar_BulbCoil_OA_Raw.png using Guid(34389977e20c0f84e9644773a156e6e3) Importer(815301076,1909f56bfc062723c751e8b465ee728b)  -> (artifact id: 'b3d02e765b4e795d64a58039102796c8') in 0.029009 seconds 
========================================================================
Received Import Request.
  Time since last request: 66.499766 seconds.
  path: Assets/Objects/ProgressBar/ProgressBar_BulbCoil_AlbedoTransparency_sRGB.png
  artifactKey: Guid(1312e37cf280bc847ba60e832563efe9) Importer(815301076,1909f56bfc062723c751e8b465ee728b)
Start importing Assets/Objects/ProgressBar/ProgressBar_BulbCoil_AlbedoTransparency_sRGB.png using Guid(1312e37cf280bc847ba60e832563efe9) Importer(815301076,1909f56bfc062723c751e8b465ee728b)  -> (artifact id: 'f8438d27e09f6f2698776d3335e69e52') in 0.023263 seconds 
========================================================================
Received Import Request.
  Time since last request: 1.391321 seconds.
  path: Assets/Objects/ProgressBar/ProgressBar_BulbCoil_MetallicSmoothness_Raw.png
  artifactKey: Guid(2a06fd2e6d937ff428504c15ad636fa2) Importer(815301076,1909f56bfc062723c751e8b465ee728b)
Start importing Assets/Objects/ProgressBar/ProgressBar_BulbCoil_MetallicSmoothness_Raw.png using Guid(2a06fd2e6d937ff428504c15ad636fa2) Importer(815301076,1909f56bfc062723c751e8b465ee728b)  -> (artifact id: 'ed5c48beaf02c7920af6bb58c50e124f') in 0.038935 seconds 
========================================================================
Received Import Request.
  Time since last request: 2.563728 seconds.
  path: Assets/Objects/ProgressBar/ProgressBar_ProgressGlass_Emission_sRGB.png
  artifactKey: Guid(61af3ab68bfbab04fb85e069b1cde500) Importer(815301076,1909f56bfc062723c751e8b465ee728b)
Start importing Assets/Objects/ProgressBar/ProgressBar_ProgressGlass_Emission_sRGB.png using Guid(61af3ab68bfbab04fb85e069b1cde500) Importer(815301076,1909f56bfc062723c751e8b465ee728b)  -> (artifact id: 'cfc0c39548906abcba160bd7959b1d03') in 0.016274 seconds 
========================================================================
Received Import Request.
  Time since last request: 35.487796 seconds.
  path: Assets/Objects/ProgressBar/ProgressBar_NeonEmitter_AlbedoTransparency_sRGB.png
  artifactKey: Guid(2f4ec61da482f2a44b9986d17c4d7b49) Importer(815301076,1909f56bfc062723c751e8b465ee728b)
Start importing Assets/Objects/ProgressBar/ProgressBar_NeonEmitter_AlbedoTransparency_sRGB.png using Guid(2f4ec61da482f2a44b9986d17c4d7b49) Importer(815301076,1909f56bfc062723c751e8b465ee728b)  -> (artifact id: '7e3c48b62b07eb2ffaf11b01ceb5a4aa') in 0.017895 seconds 
========================================================================
Received Import Request.
  Time since last request: 37.005913 seconds.
  path: Assets/Objects/ProgressBar/ProgressBar_NeonEmitter_Normal_Raw.png
  artifactKey: Guid(17d9b52dc592fe94da00a59324066492) Importer(815301076,1909f56bfc062723c751e8b465ee728b)
Start importing Assets/Objects/ProgressBar/ProgressBar_NeonEmitter_Normal_Raw.png using Guid(17d9b52dc592fe94da00a59324066492) Importer(815301076,1909f56bfc062723c751e8b465ee728b)  -> (artifact id: '61bd2f49d7977d056cf26875cb397907') in 0.028847 seconds 
========================================================================
Received Import Request.
  Time since last request: 2.943005 seconds.
  path: Assets/Objects/ProgressBar/ProgressBar_ProgressGlass_MetallicSmoothness_Raw.png
  artifactKey: Guid(e6a527e1a8d7d574ebf25a5b8100093b) Importer(815301076,1909f56bfc062723c751e8b465ee728b)
Start importing Assets/Objects/ProgressBar/ProgressBar_ProgressGlass_MetallicSmoothness_Raw.png using Guid(e6a527e1a8d7d574ebf25a5b8100093b) Importer(815301076,1909f56bfc062723c751e8b465ee728b)  -> (artifact id: '3f482831c3c554bb44b36a79f2dff330') in 0.016867 seconds 
========================================================================
Received Import Request.
  Time since last request: 8.670552 seconds.
  path: Assets/Objects/ProgressBar/ProgressBar.fbx
  artifactKey: Guid(a071896546ac134478520a4a6722e70e) Importer(815301076,1909f56bfc062723c751e8b465ee728b)
Start importing Assets/Objects/ProgressBar/ProgressBar.fbx using Guid(a071896546ac134478520a4a6722e70e) Importer(815301076,1909f56bfc062723c751e8b465ee728b)  -> (artifact id: '1ae9f72bf74e37fc89e5b910cf0c452e') in 0.665778 seconds 
========================================================================
Received Import Request.
  Time since last request: 6.161808 seconds.
  path: Assets/Objects/ProgressBar/ProgressBar_ProgressGlass.fbx
  artifactKey: Guid(a071896546ac134478520a4a6722e70e) Importer(815301076,1909f56bfc062723c751e8b465ee728b)
Start importing Assets/Objects/ProgressBar/ProgressBar_ProgressGlass.fbx using Guid(a071896546ac134478520a4a6722e70e) Importer(815301076,1909f56bfc062723c751e8b465ee728b)  -> (artifact id: '4be9c933fe7a8ea51ab57d996366e362') in 0.350354 seconds 
========================================================================
Received Import Request.
  Time since last request: 48.513583 seconds.
  path: Assets/Objects/ProgressBar/ProgressBar_ProgressGlass_AlbedoTransparency_sRGB.png
  artifactKey: Guid(a362e409a5b22da44ae5f1a6d8fe5f20) Importer(815301076,1909f56bfc062723c751e8b465ee728b)
Start importing Assets/Objects/ProgressBar/ProgressBar_ProgressGlass_AlbedoTransparency_sRGB.png using Guid(a362e409a5b22da44ae5f1a6d8fe5f20) Importer(815301076,1909f56bfc062723c751e8b465ee728b)  -> (artifact id: '5497e0d19f9310485174a944cb92ec8a') in 0.023518 seconds 
========================================================================
Received Import Request.
  Time since last request: 9.623336 seconds.
  path: Assets/Objects/ProgressBar/Materials
  artifactKey: Guid(ebc4775efd118ed46a7810065ba8b5ea) Importer(815301076,1909f56bfc062723c751e8b465ee728b)
Start importing Assets/Objects/ProgressBar/Materials using Guid(ebc4775efd118ed46a7810065ba8b5ea) Importer(815301076,1909f56bfc062723c751e8b465ee728b)  -> (artifact id: '588942ef4dccc66fb81c973b9e8a85ba') in 0.016165 seconds 
========================================================================
Received Import Request.
  Time since last request: 27.894340 seconds.
  path: Assets/Objects/ProgressBar/gradient.JPG
  artifactKey: Guid(67eeb92a369c4ba4cae3397b05b086f9) Importer(815301076,1909f56bfc062723c751e8b465ee728b)
Start importing Assets/Objects/ProgressBar/gradient.JPG using Guid(67eeb92a369c4ba4cae3397b05b086f9) Importer(815301076,1909f56bfc062723c751e8b465ee728b)  -> (artifact id: 'f8a46f75c2329eea509eee8c1086efcc') in 0.018822 seconds 
========================================================================
Received Import Request.
  Time since last request: 19.703389 seconds.
  path: Assets/Objects/ProgressBar/ProgressBar.fbx
  artifactKey: Guid(a071896546ac134478520a4a6722e70e) Importer(815301076,1909f56bfc062723c751e8b465ee728b)
Start importing Assets/Objects/ProgressBar/ProgressBar.fbx using Guid(a071896546ac134478520a4a6722e70e) Importer(815301076,1909f56bfc062723c751e8b465ee728b)  -> (artifact id: '7e0079037c1f64778eda8c76d07b6dff') in 0.385682 seconds 
========================================================================
Received Prepare
Registering precompiled user dll's ...
Registered in 0.008969 seconds.
Begin MonoManager ReloadAssembly
Native extension for WindowsStandalone target not found
Native extension for OSXStandalone target not found
Native extension for WebGL target not found
Refreshing native plugins compatible for Editor in 0.91 ms, found 2 plugins.
Preloading 0 native plugins for Editor in 0.00 ms.
Mono: successfully reloaded assembly
- Completed reload, in  1.594 seconds
Domain Reload Profiling:
	ReloadAssembly (1595ms)
		BeginReloadAssembly (236ms)
			ExecutionOrderSort (0ms)
			DisableScriptedObjects (9ms)
			BackupInstance (0ms)
			ReleaseScriptingObjects (0ms)
			CreateAndSetChildDomain (58ms)
		EndReloadAssembly (1247ms)
			LoadAssemblies (156ms)
			RebuildTransferFunctionScriptingTraits (0ms)
			SetupTypeCache (269ms)
			ReleaseScriptCaches (2ms)
			RebuildScriptCaches (53ms)
			SetupLoadedEditorAssemblies (581ms)
				LogAssemblyErrors (0ms)
				InitializePlatformSupportModulesInManaged (18ms)
				SetLoadedEditorAssemblies (1ms)
				RefreshPlugins (1ms)
				BeforeProcessingInitializeOnLoad (72ms)
				ProcessInitializeOnLoadAttributes (401ms)
				ProcessInitializeOnLoadMethodAttributes (82ms)
				AfterProcessingInitializeOnLoad (8ms)
				EditorAssembliesLoaded (0ms)
			ExecutionOrderSort2 (0ms)
			AwakeInstancesAfterBackupRestoration (22ms)
Platform modules already initialized, skipping
Refreshing native plugins compatible for Editor in 1.03 ms, found 2 plugins.
Preloading 0 native plugins for Editor in 0.00 ms.
Unloading 3300 Unused Serialized files (Serialized files now loaded: 0)
Unloading 33 unused Assets / (1.6 MB). Loaded Objects now: 4226.
Memory consumption went from 231.9 MB to 230.3 MB.
Total: 7.072500 ms (FindLiveObjects: 0.402300 ms CreateObjectMapping: 0.270500 ms MarkObjects: 6.048100 ms  DeleteObjects: 0.349700 ms)

AssetImportParameters requested are different than current active one (requested -> active):
  custom:video-decoder-ogg-theora: a1e56fd34408186e4bbccfd4996cb3dc -> 
  custom:container-muxer-webm: aa71ff27fc2769a1b78a27578f13a17b -> 
  custom:container-demuxer-webm: 4f35f7cbe854078d1ac9338744f61a02 -> 
  custom:video-encoder-webm-vp8: eb34c28f22e8b96e1ab97ce403110664 -> 
  custom:audio-encoder-webm-vorbis: bf7c407c2cedff20999df2af8eb42d56 -> 
  custom:framework-win-MediaFoundation: 216162199b28c13a410421893ffa2e32 -> 
  custom:container-demuxer-ogg: 62fdf1f143b41e24485cea50d1cbac27 -> 
  custom:video-decoder-webm-vp8: 9c59270c3fd7afecdb556c50c9e8de78 -> 
  custom:audio-decoder-ogg-vorbis: bf7c407c2cedff20999df2af8eb42d56 -> 
========================================================================
Received Prepare
Registering precompiled user dll's ...
Registered in 0.009537 seconds.
Begin MonoManager ReloadAssembly
Native extension for WindowsStandalone target not found
Native extension for OSXStandalone target not found
Native extension for WebGL target not found
Refreshing native plugins compatible for Editor in 0.89 ms, found 2 plugins.
Preloading 0 native plugins for Editor in 0.00 ms.
Mono: successfully reloaded assembly
- Completed reload, in  1.395 seconds
Domain Reload Profiling:
	ReloadAssembly (1396ms)
		BeginReloadAssembly (193ms)
			ExecutionOrderSort (0ms)
			DisableScriptedObjects (10ms)
			BackupInstance (0ms)
			ReleaseScriptingObjects (0ms)
			CreateAndSetChildDomain (45ms)
		EndReloadAssembly (1086ms)
			LoadAssemblies (145ms)
			RebuildTransferFunctionScriptingTraits (0ms)
			SetupTypeCache (266ms)
			ReleaseScriptCaches (2ms)
			RebuildScriptCaches (53ms)
			SetupLoadedEditorAssemblies (582ms)
				LogAssemblyErrors (0ms)
				InitializePlatformSupportModulesInManaged (20ms)
				SetLoadedEditorAssemblies (1ms)
				RefreshPlugins (1ms)
				BeforeProcessingInitializeOnLoad (71ms)
				ProcessInitializeOnLoadAttributes (403ms)
				ProcessInitializeOnLoadMethodAttributes (81ms)
				AfterProcessingInitializeOnLoad (6ms)
				EditorAssembliesLoaded (0ms)
			ExecutionOrderSort2 (0ms)
			AwakeInstancesAfterBackupRestoration (22ms)
Platform modules already initialized, skipping
Refreshing native plugins compatible for Editor in 1.00 ms, found 2 plugins.
Preloading 0 native plugins for Editor in 0.00 ms.
Unloading 3273 Unused Serialized files (Serialized files now loaded: 0)
Unloading 33 unused Assets / (1.6 MB). Loaded Objects now: 4228.
Memory consumption went from 230.4 MB to 228.8 MB.
Total: 4.834600 ms (FindLiveObjects: 0.405500 ms CreateObjectMapping: 0.185600 ms MarkObjects: 3.940600 ms  DeleteObjects: 0.301300 ms)

AssetImportParameters requested are different than current active one (requested -> active):
  custom:video-decoder-ogg-theora: a1e56fd34408186e4bbccfd4996cb3dc -> 
  custom:container-muxer-webm: aa71ff27fc2769a1b78a27578f13a17b -> 
  custom:container-demuxer-webm: 4f35f7cbe854078d1ac9338744f61a02 -> 
  custom:video-encoder-webm-vp8: eb34c28f22e8b96e1ab97ce403110664 -> 
  custom:audio-encoder-webm-vorbis: bf7c407c2cedff20999df2af8eb42d56 -> 
  custom:framework-win-MediaFoundation: 216162199b28c13a410421893ffa2e32 -> 
  custom:container-demuxer-ogg: 62fdf1f143b41e24485cea50d1cbac27 -> 
  custom:video-decoder-webm-vp8: 9c59270c3fd7afecdb556c50c9e8de78 -> 
  custom:audio-decoder-ogg-vorbis: bf7c407c2cedff20999df2af8eb42d56 -> 
========================================================================
Received Import Request.
  Time since last request: 4086.678062 seconds.
  path: Assets/Objects/Ring
  artifactKey: Guid(97e5bcd004b4ead47a8c6f8292109fc0) Importer(815301076,1909f56bfc062723c751e8b465ee728b)
Start importing Assets/Objects/Ring using Guid(97e5bcd004b4ead47a8c6f8292109fc0) Importer(815301076,1909f56bfc062723c751e8b465ee728b)  -> (artifact id: '0c6bb4c625b7126443eeff4d0c2c50ab') in 0.038411 seconds 
========================================================================
Received Import Request.
  Time since last request: 152.911789 seconds.
  path: Assets/Objects/Ring/rING_Ring Rim_AlbedoTransparency.png
  artifactKey: Guid(47828ea80d7663b4f9cfa9502d2f0ca1) Importer(815301076,1909f56bfc062723c751e8b465ee728b)
Start importing Assets/Objects/Ring/rING_Ring Rim_AlbedoTransparency.png using Guid(47828ea80d7663b4f9cfa9502d2f0ca1) Importer(815301076,1909f56bfc062723c751e8b465ee728b)  -> (artifact id: '005dbe0f1aee08a365e980b5ec575f33') in 0.094839 seconds 
========================================================================
Received Import Request.
  Time since last request: 54.955844 seconds.
  path: Assets/Objects/Ring/rING_Ring Emitter_Emission.png
  artifactKey: Guid(62f35d5b67f73904dae4931de0d8268c) Importer(815301076,1909f56bfc062723c751e8b465ee728b)
Start importing Assets/Objects/Ring/rING_Ring Emitter_Emission.png using Guid(62f35d5b67f73904dae4931de0d8268c) Importer(815301076,1909f56bfc062723c751e8b465ee728b)  -> (artifact id: '9d7fa1d28cb8a237c46b78a50ff1fc3e') in 0.018113 seconds 
========================================================================
Received Import Request.
  Time since last request: 55.326960 seconds.
  path: Assets/Objects/Ring/rING.fbx
  artifactKey: Guid(ac66f3cea91087140a6f611308e90920) Importer(815301076,1909f56bfc062723c751e8b465ee728b)
Start importing Assets/Objects/Ring/rING.fbx using Guid(ac66f3cea91087140a6f611308e90920) Importer(815301076,1909f56bfc062723c751e8b465ee728b)  -> (artifact id: 'c78662b90146ee562558fc481d701146') in 0.372490 seconds 
========================================================================
Received Import Request.
  Time since last request: 8.761344 seconds.
  path: Assets/Objects/Ring/rING.fbx
  artifactKey: Guid(ac66f3cea91087140a6f611308e90920) Importer(815301076,1909f56bfc062723c751e8b465ee728b)
Start importing Assets/Objects/Ring/rING.fbx using Guid(ac66f3cea91087140a6f611308e90920) Importer(815301076,1909f56bfc062723c751e8b465ee728b)  -> (artifact id: '70ac4382eccc5f8b97a8698e94c26e0e') in 0.089530 seconds 
========================================================================
Received Import Request.
  Time since last request: 2.397913 seconds.
  path: Assets/Objects/Ring/rING.fbx
  artifactKey: Guid(ac66f3cea91087140a6f611308e90920) Importer(815301076,1909f56bfc062723c751e8b465ee728b)
Start importing Assets/Objects/Ring/rING.fbx using Guid(ac66f3cea91087140a6f611308e90920) Importer(815301076,1909f56bfc062723c751e8b465ee728b)  -> (artifact id: '1816e33c4fe71c95500e9492f99ad3ea') in 0.052445 seconds 
========================================================================
Received Prepare
Registering precompiled user dll's ...
Registered in 0.009193 seconds.
Begin MonoManager ReloadAssembly
Native extension for WindowsStandalone target not found
Native extension for OSXStandalone target not found
Native extension for WebGL target not found
Refreshing native plugins compatible for Editor in 0.89 ms, found 2 plugins.
Preloading 0 native plugins for Editor in 0.00 ms.
Mono: successfully reloaded assembly
- Completed reload, in  1.453 seconds
Domain Reload Profiling:
	ReloadAssembly (1454ms)
		BeginReloadAssembly (224ms)
			ExecutionOrderSort (0ms)
			DisableScriptedObjects (14ms)
			BackupInstance (0ms)
			ReleaseScriptingObjects (0ms)
			CreateAndSetChildDomain (64ms)
		EndReloadAssembly (1109ms)
			LoadAssemblies (145ms)
			RebuildTransferFunctionScriptingTraits (0ms)
			SetupTypeCache (269ms)
			ReleaseScriptCaches (2ms)
			RebuildScriptCaches (51ms)
			SetupLoadedEditorAssemblies (602ms)
				LogAssemblyErrors (0ms)
				InitializePlatformSupportModulesInManaged (21ms)
				SetLoadedEditorAssemblies (1ms)
				RefreshPlugins (1ms)
				BeforeProcessingInitializeOnLoad (74ms)
				ProcessInitializeOnLoadAttributes (414ms)
				ProcessInitializeOnLoadMethodAttributes (83ms)
				AfterProcessingInitializeOnLoad (7ms)
				EditorAssembliesLoaded (0ms)
			ExecutionOrderSort2 (0ms)
			AwakeInstancesAfterBackupRestoration (25ms)
Platform modules already initialized, skipping
Refreshing native plugins compatible for Editor in 0.90 ms, found 2 plugins.
Preloading 0 native plugins for Editor in 0.00 ms.
Unloading 3275 Unused Serialized files (Serialized files now loaded: 0)
Unloading 33 unused Assets / (1.6 MB). Loaded Objects now: 4300.
Memory consumption went from 236.8 MB to 235.2 MB.
Total: 4.882800 ms (FindLiveObjects: 0.486800 ms CreateObjectMapping: 0.229000 ms MarkObjects: 3.840100 ms  DeleteObjects: 0.324700 ms)

AssetImportParameters requested are different than current active one (requested -> active):
  custom:video-decoder-ogg-theora: a1e56fd34408186e4bbccfd4996cb3dc -> 
  custom:container-muxer-webm: aa71ff27fc2769a1b78a27578f13a17b -> 
  custom:container-demuxer-webm: 4f35f7cbe854078d1ac9338744f61a02 -> 
  custom:video-encoder-webm-vp8: eb34c28f22e8b96e1ab97ce403110664 -> 
  custom:audio-encoder-webm-vorbis: bf7c407c2cedff20999df2af8eb42d56 -> 
  custom:framework-win-MediaFoundation: 216162199b28c13a410421893ffa2e32 -> 
  custom:container-demuxer-ogg: 62fdf1f143b41e24485cea50d1cbac27 -> 
  custom:video-decoder-webm-vp8: 9c59270c3fd7afecdb556c50c9e8de78 -> 
  custom:audio-decoder-ogg-vorbis: bf7c407c2cedff20999df2af8eb42d56 -> 
========================================================================
Received Prepare
Registering precompiled user dll's ...
Registered in 0.008951 seconds.
Begin MonoManager ReloadAssembly
Native extension for WindowsStandalone target not found
Native extension for OSXStandalone target not found
Native extension for WebGL target not found
Refreshing native plugins compatible for Editor in 1.04 ms, found 2 plugins.
Preloading 0 native plugins for Editor in 0.00 ms.
Mono: successfully reloaded assembly
- Completed reload, in  1.462 seconds
Domain Reload Profiling:
	ReloadAssembly (1463ms)
		BeginReloadAssembly (216ms)
			ExecutionOrderSort (0ms)
			DisableScriptedObjects (11ms)
			BackupInstance (0ms)
			ReleaseScriptingObjects (0ms)
			CreateAndSetChildDomain (43ms)
		EndReloadAssembly (1133ms)
			LoadAssemblies (154ms)
			RebuildTransferFunctionScriptingTraits (0ms)
			SetupTypeCache (289ms)
			ReleaseScriptCaches (2ms)
			RebuildScriptCaches (55ms)
			SetupLoadedEditorAssemblies (597ms)
				LogAssemblyErrors (0ms)
				InitializePlatformSupportModulesInManaged (18ms)
				SetLoadedEditorAssemblies (1ms)
				RefreshPlugins (1ms)
				BeforeProcessingInitializeOnLoad (70ms)
				ProcessInitializeOnLoadAttributes (414ms)
				ProcessInitializeOnLoadMethodAttributes (89ms)
				AfterProcessingInitializeOnLoad (6ms)
				EditorAssembliesLoaded (0ms)
			ExecutionOrderSort2 (0ms)
			AwakeInstancesAfterBackupRestoration (25ms)
Platform modules already initialized, skipping
Refreshing native plugins compatible for Editor in 0.88 ms, found 2 plugins.
Preloading 0 native plugins for Editor in 0.00 ms.
Unloading 3273 Unused Serialized files (Serialized files now loaded: 0)
Unloading 33 unused Assets / (1.6 MB). Loaded Objects now: 4302.
Memory consumption went from 236.7 MB to 235.2 MB.
Total: 4.047200 ms (FindLiveObjects: 0.398600 ms CreateObjectMapping: 0.176800 ms MarkObjects: 3.182600 ms  DeleteObjects: 0.288100 ms)

AssetImportParameters requested are different than current active one (requested -> active):
  custom:video-decoder-ogg-theora: a1e56fd34408186e4bbccfd4996cb3dc -> 
  custom:container-muxer-webm: aa71ff27fc2769a1b78a27578f13a17b -> 
  custom:container-demuxer-webm: 4f35f7cbe854078d1ac9338744f61a02 -> 
  custom:video-encoder-webm-vp8: eb34c28f22e8b96e1ab97ce403110664 -> 
  custom:audio-encoder-webm-vorbis: bf7c407c2cedff20999df2af8eb42d56 -> 
  custom:framework-win-MediaFoundation: 216162199b28c13a410421893ffa2e32 -> 
  custom:container-demuxer-ogg: 62fdf1f143b41e24485cea50d1cbac27 -> 
  custom:video-decoder-webm-vp8: 9c59270c3fd7afecdb556c50c9e8de78 -> 
  custom:audio-decoder-ogg-vorbis: bf7c407c2cedff20999df2af8eb42d56 -> 
========================================================================
Received Prepare
Registering precompiled user dll's ...
Registered in 0.012523 seconds.
Begin MonoManager ReloadAssembly
Native extension for WindowsStandalone target not found
Native extension for OSXStandalone target not found
Native extension for WebGL target not found
Refreshing native plugins compatible for Editor in 1.22 ms, found 2 plugins.
Preloading 0 native plugins for Editor in 0.00 ms.
Mono: successfully reloaded assembly
- Completed reload, in  1.408 seconds
Domain Reload Profiling:
	ReloadAssembly (1409ms)
		BeginReloadAssembly (203ms)
			ExecutionOrderSort (0ms)
			DisableScriptedObjects (10ms)
			BackupInstance (0ms)
			ReleaseScriptingObjects (0ms)
			CreateAndSetChildDomain (43ms)
		EndReloadAssembly (1097ms)
			LoadAssemblies (151ms)
			RebuildTransferFunctionScriptingTraits (0ms)
			SetupTypeCache (262ms)
			ReleaseScriptCaches (2ms)
			RebuildScriptCaches (53ms)
			SetupLoadedEditorAssemblies (592ms)
				LogAssemblyErrors (0ms)
				InitializePlatformSupportModulesInManaged (19ms)
				SetLoadedEditorAssemblies (1ms)
				RefreshPlugins (1ms)
				BeforeProcessingInitializeOnLoad (74ms)
				ProcessInitializeOnLoadAttributes (408ms)
				ProcessInitializeOnLoadMethodAttributes (82ms)
				AfterProcessingInitializeOnLoad (6ms)
				EditorAssembliesLoaded (0ms)
			ExecutionOrderSort2 (0ms)
			AwakeInstancesAfterBackupRestoration (25ms)
Platform modules already initialized, skipping
Refreshing native plugins compatible for Editor in 0.93 ms, found 2 plugins.
Preloading 0 native plugins for Editor in 0.00 ms.
Unloading 3273 Unused Serialized files (Serialized files now loaded: 0)
Unloading 33 unused Assets / (1.6 MB). Loaded Objects now: 4304.
Memory consumption went from 236.7 MB to 235.2 MB.
Total: 4.295200 ms (FindLiveObjects: 0.423400 ms CreateObjectMapping: 0.187100 ms MarkObjects: 3.391000 ms  DeleteObjects: 0.292500 ms)

AssetImportParameters requested are different than current active one (requested -> active):
  custom:video-decoder-ogg-theora: a1e56fd34408186e4bbccfd4996cb3dc -> 
  custom:container-muxer-webm: aa71ff27fc2769a1b78a27578f13a17b -> 
  custom:container-demuxer-webm: 4f35f7cbe854078d1ac9338744f61a02 -> 
  custom:video-encoder-webm-vp8: eb34c28f22e8b96e1ab97ce403110664 -> 
  custom:audio-encoder-webm-vorbis: bf7c407c2cedff20999df2af8eb42d56 -> 
  custom:framework-win-MediaFoundation: 216162199b28c13a410421893ffa2e32 -> 
  custom:container-demuxer-ogg: 62fdf1f143b41e24485cea50d1cbac27 -> 
  custom:video-decoder-webm-vp8: 9c59270c3fd7afecdb556c50c9e8de78 -> 
  custom:audio-decoder-ogg-vorbis: bf7c407c2cedff20999df2af8eb42d56 -> 
========================================================================
Received Prepare
Registering precompiled user dll's ...
Registered in 0.009395 seconds.
Begin MonoManager ReloadAssembly
Native extension for WindowsStandalone target not found
Native extension for OSXStandalone target not found
Native extension for WebGL target not found
Refreshing native plugins compatible for Editor in 0.92 ms, found 2 plugins.
Preloading 0 native plugins for Editor in 0.00 ms.
Mono: successfully reloaded assembly
- Completed reload, in  1.550 seconds
Domain Reload Profiling:
	ReloadAssembly (1550ms)
		BeginReloadAssembly (213ms)
			ExecutionOrderSort (0ms)
			DisableScriptedObjects (10ms)
			BackupInstance (0ms)
			ReleaseScriptingObjects (0ms)
			CreateAndSetChildDomain (51ms)
		EndReloadAssembly (1212ms)
			LoadAssemblies (164ms)
			RebuildTransferFunctionScriptingTraits (0ms)
			SetupTypeCache (300ms)
			ReleaseScriptCaches (2ms)
			RebuildScriptCaches (60ms)
			SetupLoadedEditorAssemblies (646ms)
				LogAssemblyErrors (0ms)
				InitializePlatformSupportModulesInManaged (19ms)
				SetLoadedEditorAssemblies (1ms)
				RefreshPlugins (1ms)
				BeforeProcessingInitializeOnLoad (81ms)
				ProcessInitializeOnLoadAttributes (443ms)
				ProcessInitializeOnLoadMethodAttributes (93ms)
				AfterProcessingInitializeOnLoad (8ms)
				EditorAssembliesLoaded (0ms)
			ExecutionOrderSort2 (0ms)
			AwakeInstancesAfterBackupRestoration (26ms)
Platform modules already initialized, skipping
Refreshing native plugins compatible for Editor in 0.98 ms, found 2 plugins.
Preloading 0 native plugins for Editor in 0.00 ms.
Unloading 3273 Unused Serialized files (Serialized files now loaded: 0)
Unloading 33 unused Assets / (1.6 MB). Loaded Objects now: 4306.
Memory consumption went from 236.8 MB to 235.2 MB.
Total: 5.623000 ms (FindLiveObjects: 0.444500 ms CreateObjectMapping: 0.181900 ms MarkObjects: 4.646800 ms  DeleteObjects: 0.348100 ms)

AssetImportParameters requested are different than current active one (requested -> active):
  custom:video-decoder-ogg-theora: a1e56fd34408186e4bbccfd4996cb3dc -> 
  custom:container-muxer-webm: aa71ff27fc2769a1b78a27578f13a17b -> 
  custom:container-demuxer-webm: 4f35f7cbe854078d1ac9338744f61a02 -> 
  custom:video-encoder-webm-vp8: eb34c28f22e8b96e1ab97ce403110664 -> 
  custom:audio-encoder-webm-vorbis: bf7c407c2cedff20999df2af8eb42d56 -> 
  custom:framework-win-MediaFoundation: 216162199b28c13a410421893ffa2e32 -> 
  custom:container-demuxer-ogg: 62fdf1f143b41e24485cea50d1cbac27 -> 
  custom:video-decoder-webm-vp8: 9c59270c3fd7afecdb556c50c9e8de78 -> 
  custom:audio-decoder-ogg-vorbis: bf7c407c2cedff20999df2af8eb42d56 -> 
