Using pre-set license
Built from '2021.2/staging' branch; Version is '2021.2.8f1 (d0e5f0a7b06a) revision 13690352'; Using compiler version '192829333'; Build Type 'Release'
OS: 'Windows 10  (10.0.19043) 64bit Professional' Language: 'en' Physical Memory: 16274 MB
BatchMode: 1, IsHumanControllingUs: 0, StartBugReporterOnCrash: 0, Is64bit: 1, IsPro: 0

COMMAND LINE ARGUMENTS:
D:\Development\ProgramFiles\Unity\2021.2.8f1\Editor\Unity.exe
-adb2
-batchMode
-noUpm
-name
AssetImportWorker3
-projectPath
D:/source/GameJam/GameJam22
-logFile
Logs/AssetImportWorker3.log
-srvPort
58783
Successfully changed project path to: D:/source/GameJam/GameJam22
D:/source/GameJam/GameJam22
[UnityMemory] Configuration Parameters - Can be set up in boot.config
    "memorysetup-bucket-allocator-granularity=16"
    "memorysetup-bucket-allocator-bucket-count=8"
    "memorysetup-bucket-allocator-block-size=33554432"
    "memorysetup-bucket-allocator-block-count=8"
    "memorysetup-main-allocator-block-size=16777216"
    "memorysetup-thread-allocator-block-size=16777216"
    "memorysetup-gfx-main-allocator-block-size=16777216"
    "memorysetup-gfx-thread-allocator-block-size=16777216"
    "memorysetup-cache-allocator-block-size=4194304"
    "memorysetup-typetree-allocator-block-size=2097152"
    "memorysetup-profiler-bucket-allocator-granularity=16"
    "memorysetup-profiler-bucket-allocator-bucket-count=8"
    "memorysetup-profiler-bucket-allocator-block-size=33554432"
    "memorysetup-profiler-bucket-allocator-block-count=8"
    "memorysetup-profiler-allocator-block-size=16777216"
    "memorysetup-profiler-editor-allocator-block-size=1048576"
    "memorysetup-temp-allocator-size-main=16777216"
    "memorysetup-job-temp-allocator-block-size=2097152"
    "memorysetup-job-temp-allocator-block-size-background=1048576"
    "memorysetup-job-temp-allocator-reduction-small-platforms=262144"
    "memorysetup-temp-allocator-size-background-worker=32768"
    "memorysetup-temp-allocator-size-job-worker=262144"
    "memorysetup-temp-allocator-size-preload-manager=33554432"
    "memorysetup-temp-allocator-size-nav-mesh-worker=65536"
    "memorysetup-temp-allocator-size-audio-worker=65536"
    "memorysetup-temp-allocator-size-cloud-worker=32768"
    "memorysetup-temp-allocator-size-gi-baking-worker=262144"
    "memorysetup-temp-allocator-size-gfx=262144"
Refreshing native plugins compatible for Editor in 77.40 ms, found 2 plugins.
Preloading 0 native plugins for Editor in 0.00 ms.
Initialize engine version: 2021.2.8f1 (d0e5f0a7b06a)
[Subsystems] Discovering subsystems at path D:/Development/ProgramFiles/Unity/2021.2.8f1/Editor/Data/Resources/UnitySubsystems
[Subsystems] Discovering subsystems at path D:/source/GameJam/GameJam22/Assets
GfxDevice: creating device client; threaded=0; jobified=0
Direct3D:
    Version:  Direct3D 11.0 [level 11.1]
    Renderer: NVIDIA GeForce GTX 1080 Ti (ID=0x1b06)
    Vendor:   NVIDIA
    VRAM:     11127 MB
    Driver:   30.0.14.9649
Initialize mono
Mono path[0] = 'D:/Development/ProgramFiles/Unity/2021.2.8f1/Editor/Data/Managed'
Mono path[1] = 'D:/Development/ProgramFiles/Unity/2021.2.8f1/Editor/Data/MonoBleedingEdge/lib/mono/unityjit-win32'
Mono config path = 'D:/Development/ProgramFiles/Unity/2021.2.8f1/Editor/Data/MonoBleedingEdge/etc'
Using monoOptions --debugger-agent=transport=dt_socket,embedding=1,server=y,suspend=n,address=127.0.0.1:56032
Begin MonoManager ReloadAssembly
Registering precompiled unity dll's ...
Register platform support module: D:/Development/ProgramFiles/Unity/2021.2.8f1/Editor/Data/PlaybackEngines/WebGLSupport/UnityEditor.WebGL.Extensions.dll
Register platform support module: D:/Development/ProgramFiles/Unity/2021.2.8f1/Editor/Data/PlaybackEngines/MacStandaloneSupport/UnityEditor.OSXStandalone.Extensions.dll
Register platform support module: D:/Development/ProgramFiles/Unity/2021.2.8f1/Editor/Data/PlaybackEngines/WindowsStandaloneSupport/UnityEditor.WindowsStandalone.Extensions.dll
Registered in 0.023485 seconds.
Native extension for WindowsStandalone target not found
Native extension for OSXStandalone target not found
Native extension for WebGL target not found
Refreshing native plugins compatible for Editor in 75.03 ms, found 2 plugins.
Preloading 0 native plugins for Editor in 0.00 ms.
Mono: successfully reloaded assembly
- Completed reload, in  0.885 seconds
Domain Reload Profiling:
	ReloadAssembly (886ms)
		BeginReloadAssembly (144ms)
			ExecutionOrderSort (0ms)
			DisableScriptedObjects (0ms)
			BackupInstance (0ms)
			ReleaseScriptingObjects (0ms)
			CreateAndSetChildDomain (1ms)
		EndReloadAssembly (628ms)
			LoadAssemblies (144ms)
			RebuildTransferFunctionScriptingTraits (0ms)
			SetupTypeCache (133ms)
			ReleaseScriptCaches (0ms)
			RebuildScriptCaches (32ms)
			SetupLoadedEditorAssemblies (385ms)
				LogAssemblyErrors (0ms)
				InitializePlatformSupportModulesInManaged (21ms)
				SetLoadedEditorAssemblies (0ms)
				RefreshPlugins (75ms)
				BeforeProcessingInitializeOnLoad (3ms)
				ProcessInitializeOnLoadAttributes (232ms)
				ProcessInitializeOnLoadMethodAttributes (54ms)
				AfterProcessingInitializeOnLoad (0ms)
				EditorAssembliesLoaded (0ms)
			ExecutionOrderSort2 (0ms)
			AwakeInstancesAfterBackupRestoration (0ms)
Platform modules already initialized, skipping
Registering precompiled user dll's ...
Registered in 0.017127 seconds.
Begin MonoManager ReloadAssembly
Native extension for WindowsStandalone target not found
Native extension for OSXStandalone target not found
Native extension for WebGL target not found
Refreshing native plugins compatible for Editor in 64.31 ms, found 2 plugins.
Preloading 0 native plugins for Editor in 0.00 ms.
Mono: successfully reloaded assembly
- Completed reload, in  3.690 seconds
Domain Reload Profiling:
	ReloadAssembly (3691ms)
		BeginReloadAssembly (179ms)
			ExecutionOrderSort (0ms)
			DisableScriptedObjects (7ms)
			BackupInstance (0ms)
			ReleaseScriptingObjects (0ms)
			CreateAndSetChildDomain (31ms)
		EndReloadAssembly (3366ms)
			LoadAssemblies (578ms)
			RebuildTransferFunctionScriptingTraits (0ms)
			SetupTypeCache (422ms)
			ReleaseScriptCaches (1ms)
			RebuildScriptCaches (61ms)
			SetupLoadedEditorAssemblies (2307ms)
				LogAssemblyErrors (0ms)
				InitializePlatformSupportModulesInManaged (15ms)
				SetLoadedEditorAssemblies (0ms)
				RefreshPlugins (64ms)
				BeforeProcessingInitializeOnLoad (79ms)
				ProcessInitializeOnLoadAttributes (1970ms)
				ProcessInitializeOnLoadMethodAttributes (170ms)
				AfterProcessingInitializeOnLoad (7ms)
				EditorAssembliesLoaded (0ms)
			ExecutionOrderSort2 (0ms)
			AwakeInstancesAfterBackupRestoration (7ms)
Platform modules already initialized, skipping
========================================================================
Worker process is ready to serve import requests
Launched and connected shader compiler UnityShaderCompiler.exe after 0.28 seconds
Refreshing native plugins compatible for Editor in 1.38 ms, found 2 plugins.
Preloading 0 native plugins for Editor in 0.00 ms.
Unloading 3424 Unused Serialized files (Serialized files now loaded: 0)
Unloading 41 unused Assets / (2.0 MB). Loaded Objects now: 3868.
Memory consumption went from 161.8 MB to 159.8 MB.
Total: 4.688800 ms (FindLiveObjects: 0.348200 ms CreateObjectMapping: 0.174600 ms MarkObjects: 3.577300 ms  DeleteObjects: 0.583500 ms)

AssetImportParameters requested are different than current active one (requested -> active):
  custom:video-decoder-ogg-theora: a1e56fd34408186e4bbccfd4996cb3dc -> 
  custom:container-muxer-webm: aa71ff27fc2769a1b78a27578f13a17b -> 
  custom:container-demuxer-webm: 4f35f7cbe854078d1ac9338744f61a02 -> 
  custom:video-encoder-webm-vp8: eb34c28f22e8b96e1ab97ce403110664 -> 
  custom:audio-encoder-webm-vorbis: bf7c407c2cedff20999df2af8eb42d56 -> 
  custom:framework-win-MediaFoundation: 216162199b28c13a410421893ffa2e32 -> 
  custom:container-demuxer-ogg: 62fdf1f143b41e24485cea50d1cbac27 -> 
  custom:video-decoder-webm-vp8: 9c59270c3fd7afecdb556c50c9e8de78 -> 
  custom:audio-decoder-ogg-vorbis: bf7c407c2cedff20999df2af8eb42d56 -> 
========================================================================
Received Import Request.
  Time since last request: 1039157.750228 seconds.
  path: Assets/Objects/KVMSwitch/KVMSwitch_BaseMetal_AlbedoTransparency_sRGB.png
  artifactKey: Guid(87bf51bd2e970a6479033066a8018eb0) Importer(815301076,1909f56bfc062723c751e8b465ee728b)
Start importing Assets/Objects/KVMSwitch/KVMSwitch_BaseMetal_AlbedoTransparency_sRGB.png using Guid(87bf51bd2e970a6479033066a8018eb0) Importer(815301076,1909f56bfc062723c751e8b465ee728b)  -> (artifact id: 'e1ece8e09e9cd5b4226d13bc60d1f6c6') in 0.124006 seconds 
========================================================================
Received Import Request.
  Time since last request: 0.000023 seconds.
  path: Assets/Objects/KVMSwitch/KVMSwitch_WoodenHandle_MetallicSmoothness_Raw.png
  artifactKey: Guid(dff57880996d34e48a604b88bfb05231) Importer(815301076,1909f56bfc062723c751e8b465ee728b)
Start importing Assets/Objects/KVMSwitch/KVMSwitch_WoodenHandle_MetallicSmoothness_Raw.png using Guid(dff57880996d34e48a604b88bfb05231) Importer(815301076,1909f56bfc062723c751e8b465ee728b)  -> (artifact id: '6d4364a81e8904d9ef58ec0f72be2d25') in 0.061240 seconds 
========================================================================
Received Import Request.
  Time since last request: 0.000026 seconds.
  path: Assets/Objects/KVMSwitch/KVMSwitch_BaseMetal_Normal_Raw.png
  artifactKey: Guid(bcffe45e0ac31a147ae1d156b6ffe0d0) Importer(815301076,1909f56bfc062723c751e8b465ee728b)
Start importing Assets/Objects/KVMSwitch/KVMSwitch_BaseMetal_Normal_Raw.png using Guid(bcffe45e0ac31a147ae1d156b6ffe0d0) Importer(815301076,1909f56bfc062723c751e8b465ee728b)  -> (artifact id: '13b4caa042e2dd1ad4f883545fe9c464') in 0.016426 seconds 
========================================================================
Received Import Request.
  Time since last request: 0.000042 seconds.
  path: Assets/Objects/KVMSwitch/KVMSwitch_HingeMetal_OA_Raw.png
  artifactKey: Guid(d8d4e5454fac5894d8d4dac0c7109dae) Importer(815301076,1909f56bfc062723c751e8b465ee728b)
Start importing Assets/Objects/KVMSwitch/KVMSwitch_HingeMetal_OA_Raw.png using Guid(d8d4e5454fac5894d8d4dac0c7109dae) Importer(815301076,1909f56bfc062723c751e8b465ee728b)  -> (artifact id: '8455e9d717b10e20099422e21f7af31c') in 0.017212 seconds 
========================================================================
Received Import Request.
  Time since last request: 0.000023 seconds.
  path: Assets/Objects/KVMSwitch/KVMSwitch_KVMNeonEmit_MetallicSmoothness_Raw.png
  artifactKey: Guid(c6d3538583b58a847b3ee3ada3efa289) Importer(815301076,1909f56bfc062723c751e8b465ee728b)
Start importing Assets/Objects/KVMSwitch/KVMSwitch_KVMNeonEmit_MetallicSmoothness_Raw.png using Guid(c6d3538583b58a847b3ee3ada3efa289) Importer(815301076,1909f56bfc062723c751e8b465ee728b)  -> (artifact id: '08a1e90879e15325971ea49600b43baa') in 0.018660 seconds 
========================================================================
Received Import Request.
  Time since last request: 0.000023 seconds.
  path: Assets/Objects/KVMSwitch/KVMSwitch_WoodenHandle_Emission_sRGB.png
  artifactKey: Guid(447bfd79a8634b540b8868f541da4b82) Importer(815301076,1909f56bfc062723c751e8b465ee728b)
Start importing Assets/Objects/KVMSwitch/KVMSwitch_WoodenHandle_Emission_sRGB.png using Guid(447bfd79a8634b540b8868f541da4b82) Importer(815301076,1909f56bfc062723c751e8b465ee728b)  -> (artifact id: '0ca4a15fa43bf7d33fea77b0470f23a8') in 0.014521 seconds 
========================================================================
Received Import Request.
  Time since last request: 0.000022 seconds.
  path: Assets/Objects/KVMSwitch/KVMSwitch_BaseMetal_OA_Raw.png
  artifactKey: Guid(d30d2597818520b42b4e57ab0b5863e2) Importer(815301076,1909f56bfc062723c751e8b465ee728b)
Start importing Assets/Objects/KVMSwitch/KVMSwitch_BaseMetal_OA_Raw.png using Guid(d30d2597818520b42b4e57ab0b5863e2) Importer(815301076,1909f56bfc062723c751e8b465ee728b)  -> (artifact id: '383a93351321cfe2348bc4e4cb4a9f61') in 0.013627 seconds 
========================================================================
Received Import Request.
  Time since last request: 0.000024 seconds.
  path: Assets/Objects/KVMSwitch/KVMSwitch_HingeMetal_AlbedoTransparency_sRGB.png
  artifactKey: Guid(7830399ae7f20044f8fbe57b7fefc0fc) Importer(815301076,1909f56bfc062723c751e8b465ee728b)
Start importing Assets/Objects/KVMSwitch/KVMSwitch_HingeMetal_AlbedoTransparency_sRGB.png using Guid(7830399ae7f20044f8fbe57b7fefc0fc) Importer(815301076,1909f56bfc062723c751e8b465ee728b)  -> (artifact id: '97aece22d020efdee91cdb98acdfd0e4') in 0.014825 seconds 
========================================================================
Received Import Request.
  Time since last request: 0.000023 seconds.
  path: Assets/Objects/KVMSwitch/KVMSwitch_KVMNeonEmit_OA_Raw.png
  artifactKey: Guid(06ece990edb166546a37fc2568cdaecf) Importer(815301076,1909f56bfc062723c751e8b465ee728b)
Start importing Assets/Objects/KVMSwitch/KVMSwitch_KVMNeonEmit_OA_Raw.png using Guid(06ece990edb166546a37fc2568cdaecf) Importer(815301076,1909f56bfc062723c751e8b465ee728b)  -> (artifact id: 'd7a42701a92ea8deee0dd96a90bd3921') in 0.015529 seconds 
========================================================================
Received Import Request.
  Time since last request: 0.000026 seconds.
  path: Assets/Objects/KVMSwitch/KVMSwitch_BaseMetal_Emission_sRGB.png
  artifactKey: Guid(9909795e66c855c43a86311d3f3ae01e) Importer(815301076,1909f56bfc062723c751e8b465ee728b)
Start importing Assets/Objects/KVMSwitch/KVMSwitch_BaseMetal_Emission_sRGB.png using Guid(9909795e66c855c43a86311d3f3ae01e) Importer(815301076,1909f56bfc062723c751e8b465ee728b)  -> (artifact id: '23e1efc84fbfc97d35f3c5fb6bffc142') in 0.013761 seconds 
========================================================================
Received Import Request.
  Time since last request: 0.000022 seconds.
  path: Assets/Objects/KVMSwitch/KVMSwitch_BaseWood_Emission_sRGB.png
  artifactKey: Guid(c79af0f809963a045a7876a5e4870604) Importer(815301076,1909f56bfc062723c751e8b465ee728b)
Start importing Assets/Objects/KVMSwitch/KVMSwitch_BaseWood_Emission_sRGB.png using Guid(c79af0f809963a045a7876a5e4870604) Importer(815301076,1909f56bfc062723c751e8b465ee728b)  -> (artifact id: 'b684d804d0a0d769bc5b7574c6e7c556') in 0.012829 seconds 
========================================================================
Received Import Request.
  Time since last request: 0.000024 seconds.
  path: Assets/Objects/KVMSwitch/KVMSwitch_BaseWood_MetallicSmoothness_Raw.png
  artifactKey: Guid(03ca1dd5bce20d9499c57a518366e0c0) Importer(815301076,1909f56bfc062723c751e8b465ee728b)
Start importing Assets/Objects/KVMSwitch/KVMSwitch_BaseWood_MetallicSmoothness_Raw.png using Guid(03ca1dd5bce20d9499c57a518366e0c0) Importer(815301076,1909f56bfc062723c751e8b465ee728b)  -> (artifact id: 'd637bc5a629145c87888faa7d3c746d8') in 0.015653 seconds 
========================================================================
Received Import Request.
  Time since last request: 0.000025 seconds.
  path: Assets/Objects/KVMSwitch/KVMSwitch_HingeMetal_MetallicSmoothness_Raw.png
  artifactKey: Guid(845a9296752660c4bb56620ae48af0f5) Importer(815301076,1909f56bfc062723c751e8b465ee728b)
Start importing Assets/Objects/KVMSwitch/KVMSwitch_HingeMetal_MetallicSmoothness_Raw.png using Guid(845a9296752660c4bb56620ae48af0f5) Importer(815301076,1909f56bfc062723c751e8b465ee728b)  -> (artifact id: '30e5e46897bdbb57d1929bdbb0a52e8e') in 0.025906 seconds 
========================================================================
Received Import Request.
  Time since last request: 0.000026 seconds.
  path: Assets/Objects/KVMSwitch/KVMSwitch_WoodenHandle_OA_Raw.png
  artifactKey: Guid(3d2e0671ce9b2ef4497f88b2b982f4ed) Importer(815301076,1909f56bfc062723c751e8b465ee728b)
Start importing Assets/Objects/KVMSwitch/KVMSwitch_WoodenHandle_OA_Raw.png using Guid(3d2e0671ce9b2ef4497f88b2b982f4ed) Importer(815301076,1909f56bfc062723c751e8b465ee728b)  -> (artifact id: '3a9f7766aa7571e925fa40f43fd919c7') in 0.014577 seconds 
========================================================================
Received Import Request.
  Time since last request: 0.000030 seconds.
  path: Assets/Objects/KVMSwitch/KVMSwitch_HingeMetal_Emission_sRGB.png
  artifactKey: Guid(52d8321e97c55dc43acaa4c2a98aaa57) Importer(815301076,1909f56bfc062723c751e8b465ee728b)
Start importing Assets/Objects/KVMSwitch/KVMSwitch_HingeMetal_Emission_sRGB.png using Guid(52d8321e97c55dc43acaa4c2a98aaa57) Importer(815301076,1909f56bfc062723c751e8b465ee728b)  -> (artifact id: '817de855a2024d3687ad8807a6426bcf') in 0.015220 seconds 
========================================================================
Received Import Request.
  Time since last request: 0.000024 seconds.
  path: Assets/Objects/KVMSwitch/KVMSwitch_BaseWood_AlbedoTransparency_sRGB.png
  artifactKey: Guid(86db108db5834ef40ab8f7e4b638a896) Importer(815301076,1909f56bfc062723c751e8b465ee728b)
Start importing Assets/Objects/KVMSwitch/KVMSwitch_BaseWood_AlbedoTransparency_sRGB.png using Guid(86db108db5834ef40ab8f7e4b638a896) Importer(815301076,1909f56bfc062723c751e8b465ee728b)  -> (artifact id: 'eb49a59a3d70bffc95406354ee0021a4') in 0.015138 seconds 
========================================================================
Received Import Request.
  Time since last request: 0.000022 seconds.
  path: Assets/Objects/KVMSwitch/KVMSwitch_WoodenHandle_AlbedoTransparency_sRGB.png
  artifactKey: Guid(eb03b7775d525254e8e2795f3859b54a) Importer(815301076,1909f56bfc062723c751e8b465ee728b)
Start importing Assets/Objects/KVMSwitch/KVMSwitch_WoodenHandle_AlbedoTransparency_sRGB.png using Guid(eb03b7775d525254e8e2795f3859b54a) Importer(815301076,1909f56bfc062723c751e8b465ee728b)  -> (artifact id: '9b34b905a2fa7023b938256e5e4d2d44') in 0.015394 seconds 
========================================================================
Received Import Request.
  Time since last request: 0.000024 seconds.
  path: Assets/Objects/KVMSwitch/KVMSwitch_ForkMetal_Normal_Raw.png
  artifactKey: Guid(d92166162c0b3a545836fde58d9f2c84) Importer(815301076,1909f56bfc062723c751e8b465ee728b)
Start importing Assets/Objects/KVMSwitch/KVMSwitch_ForkMetal_Normal_Raw.png using Guid(d92166162c0b3a545836fde58d9f2c84) Importer(815301076,1909f56bfc062723c751e8b465ee728b)  -> (artifact id: 'd1d4b330535c80cbb6d42d939116001c') in 0.013911 seconds 
========================================================================
Received Import Request.
  Time since last request: 0.000023 seconds.
  path: Assets/Objects/KVMSwitch/KVMSwitch_ForkMetal_Emission_sRGB.png
  artifactKey: Guid(a047cf25f930c854e8aad7e4f4179e7a) Importer(815301076,1909f56bfc062723c751e8b465ee728b)
Start importing Assets/Objects/KVMSwitch/KVMSwitch_ForkMetal_Emission_sRGB.png using Guid(a047cf25f930c854e8aad7e4f4179e7a) Importer(815301076,1909f56bfc062723c751e8b465ee728b)  -> (artifact id: '07413c081eef1e362f6eba799b240408') in 0.016189 seconds 
========================================================================
Received Import Request.
  Time since last request: 0.000027 seconds.
  path: Assets/Objects/KVMSwitch/KVMSwitch_BaseMetal_MetallicSmoothness_Raw.png
  artifactKey: Guid(6bdfaaf05235a0e4190ee9456bff152b) Importer(815301076,1909f56bfc062723c751e8b465ee728b)
Start importing Assets/Objects/KVMSwitch/KVMSwitch_BaseMetal_MetallicSmoothness_Raw.png using Guid(6bdfaaf05235a0e4190ee9456bff152b) Importer(815301076,1909f56bfc062723c751e8b465ee728b)  -> (artifact id: 'd7c2074e05b5b7a53251638903fab4ca') in 0.015139 seconds 
========================================================================
Received Import Request.
  Time since last request: 0.000024 seconds.
  path: Assets/Objects/KVMSwitch/KVMSwitch_ForkMetal_OA_Raw.png
  artifactKey: Guid(6fde9d1819ec076469b613975d7cefbf) Importer(815301076,1909f56bfc062723c751e8b465ee728b)
Start importing Assets/Objects/KVMSwitch/KVMSwitch_ForkMetal_OA_Raw.png using Guid(6fde9d1819ec076469b613975d7cefbf) Importer(815301076,1909f56bfc062723c751e8b465ee728b)  -> (artifact id: 'd93fe32ae384b8acfd427cd22b3db0c5') in 0.018160 seconds 
========================================================================
Received Import Request.
  Time since last request: 0.000024 seconds.
  path: Assets/Objects/KVMSwitch/KVMSwitch_KVMNeonEmit_Normal_Raw.png
  artifactKey: Guid(36ca04d702233bd4baa0997373baef87) Importer(815301076,1909f56bfc062723c751e8b465ee728b)
Start importing Assets/Objects/KVMSwitch/KVMSwitch_KVMNeonEmit_Normal_Raw.png using Guid(36ca04d702233bd4baa0997373baef87) Importer(815301076,1909f56bfc062723c751e8b465ee728b)  -> (artifact id: '1e4cb7131dc0cff86b6c19527085923b') in 0.013303 seconds 
========================================================================
Received Import Request.
  Time since last request: 0.000024 seconds.
  path: Assets/Objects/KVMSwitch/KVMSwitch_HingeMetal_Normal_Raw.png
  artifactKey: Guid(c307f9bbe1db7024ea251e23de520580) Importer(815301076,1909f56bfc062723c751e8b465ee728b)
Start importing Assets/Objects/KVMSwitch/KVMSwitch_HingeMetal_Normal_Raw.png using Guid(c307f9bbe1db7024ea251e23de520580) Importer(815301076,1909f56bfc062723c751e8b465ee728b)  -> (artifact id: 'cc54ea07bf4b1e75174a47def50c3f4a') in 0.013894 seconds 
========================================================================
Received Import Request.
  Time since last request: 0.000023 seconds.
  path: Assets/Objects/KVMSwitch/KVMSwitch_ForkMetal_MetallicSmoothness_Raw.png
  artifactKey: Guid(59f0ce8eb2c526542bf662b949df223f) Importer(815301076,1909f56bfc062723c751e8b465ee728b)
Start importing Assets/Objects/KVMSwitch/KVMSwitch_ForkMetal_MetallicSmoothness_Raw.png using Guid(59f0ce8eb2c526542bf662b949df223f) Importer(815301076,1909f56bfc062723c751e8b465ee728b)  -> (artifact id: '5ebd54f48bd932eb4789b0ed83090004') in 0.017814 seconds 
========================================================================
Received Import Request.
  Time since last request: 0.000024 seconds.
  path: Assets/Objects/KVMSwitch/KVMSwitch_WoodenHandle_Normal_Raw.png
  artifactKey: Guid(32132903183467e4fa0c8bb07e86eb1b) Importer(815301076,1909f56bfc062723c751e8b465ee728b)
Start importing Assets/Objects/KVMSwitch/KVMSwitch_WoodenHandle_Normal_Raw.png using Guid(32132903183467e4fa0c8bb07e86eb1b) Importer(815301076,1909f56bfc062723c751e8b465ee728b)  -> (artifact id: '757619bf9c2c900b1e094ebbc7b3df17') in 0.018866 seconds 
========================================================================
Received Import Request.
  Time since last request: 0.000022 seconds.
  path: Assets/Objects/KVMSwitch/KVMSwitch_KVMNeonEmit_Emission_sRGB.png
  artifactKey: Guid(4477ff9bf41fd68428a0e471cb236ce4) Importer(815301076,1909f56bfc062723c751e8b465ee728b)
Start importing Assets/Objects/KVMSwitch/KVMSwitch_KVMNeonEmit_Emission_sRGB.png using Guid(4477ff9bf41fd68428a0e471cb236ce4) Importer(815301076,1909f56bfc062723c751e8b465ee728b)  -> (artifact id: '44dd23d0e3842cea4e68a12b5f964a4b') in 0.015759 seconds 
========================================================================
Received Import Request.
  Time since last request: 0.000033 seconds.
  path: Assets/Objects/KVMSwitch/KVMSwitch_BaseWood_Normal_Raw.png
  artifactKey: Guid(0fc432dfdfab73046851e3bbdddcdeea) Importer(815301076,1909f56bfc062723c751e8b465ee728b)
Start importing Assets/Objects/KVMSwitch/KVMSwitch_BaseWood_Normal_Raw.png using Guid(0fc432dfdfab73046851e3bbdddcdeea) Importer(815301076,1909f56bfc062723c751e8b465ee728b)  -> (artifact id: '4fb34426fd326497f924d4b7333adfa2') in 0.015382 seconds 
========================================================================
Received Import Request.
  Time since last request: 0.000020 seconds.
  path: Assets/Objects/KVMSwitch/KVMSwitch_BaseWood_OA_Raw.png
  artifactKey: Guid(7887d5ef0873c504db79d95562c2330d) Importer(815301076,1909f56bfc062723c751e8b465ee728b)
Start importing Assets/Objects/KVMSwitch/KVMSwitch_BaseWood_OA_Raw.png using Guid(7887d5ef0873c504db79d95562c2330d) Importer(815301076,1909f56bfc062723c751e8b465ee728b)  -> (artifact id: '5de492696c8c12f6971bfcf70174362c') in 0.015449 seconds 
========================================================================
Received Import Request.
  Time since last request: 0.000026 seconds.
  path: Assets/Objects/KVMSwitch/KVMSwitch_ForkMetal_AlbedoTransparency_sRGB.png
  artifactKey: Guid(4d232bee71b2d5c4a9cc4fc5a5030025) Importer(815301076,1909f56bfc062723c751e8b465ee728b)
Start importing Assets/Objects/KVMSwitch/KVMSwitch_ForkMetal_AlbedoTransparency_sRGB.png using Guid(4d232bee71b2d5c4a9cc4fc5a5030025) Importer(815301076,1909f56bfc062723c751e8b465ee728b)  -> (artifact id: '090801aa5dc55e66372c9efb85e0b0c2') in 0.014115 seconds 
========================================================================
Received Import Request.
  Time since last request: 0.000024 seconds.
  path: Assets/Objects/KVMSwitch/KVMSwitch_KVMNeonEmit_AlbedoTransparency_sRGB.png
  artifactKey: Guid(fd0f5ca85d6304c41b3adcd7b21e9723) Importer(815301076,1909f56bfc062723c751e8b465ee728b)
Start importing Assets/Objects/KVMSwitch/KVMSwitch_KVMNeonEmit_AlbedoTransparency_sRGB.png using Guid(fd0f5ca85d6304c41b3adcd7b21e9723) Importer(815301076,1909f56bfc062723c751e8b465ee728b)  -> (artifact id: 'a5a5b5e08186593ce9b2651341584221') in 0.027628 seconds 
Editor requested this worker to shutdown with reason: Scaling down because of idle timeout
AssetImportWorker is now disconnected from the server
Process exiting
Exiting without the bug reporter. Application will terminate with return code 0